DATABASE: Running startup initialization...
[23:53:29.150] [32mINFO[39m (15152): [36mServer listening[39m
    [35mport[39m: 8080
[23:53:29.716] [32mINFO[39m (15152): [36mrequest completed[39m
    [35mreq[39m: {
      "id": 1,
      "method": "GET",
      "url": "/api/auth/me"
    }
    [35mres[39m: {
      "statusCode": 401
    }
    [35mresponseTime[39m: 21
[23:53:29.725] [32mINFO[39m (15152): [36mrequest completed[39m
    [35mreq[39m: {
      "id": 2,
      "method": "GET",
      "url": "/api/users/8"
    }
    [35mres[39m: {
      "statusCode": 401
    }
    [35mresponseTime[39m: 4
[23:53:29.730] [32mINFO[39m (15152): [36mrequest completed[39m
    [35mreq[39m: {
      "id": 3,
      "method": "GET",
      "url": "/api/projects"
    }
    [35mres[39m: {
      "statusCode": 401
    }
    [35mresponseTime[39m: 4
[23:53:29.735] [32mINFO[39m (15152): [36mrequest completed[39m
    [35mreq[39m: {
      "id": 4,
      "method": "GET",
      "url": "/api/expenses"
    }
    [35mres[39m: {
      "statusCode": 401
    }
    [35mresponseTime[39m: 4
DATABASE: Session table ready
DATABASE: Admin user created/verified successfully
[23:53:30.714] [32mINFO[39m (15152): [36mDatabase initialization complete[39m
[23:53:30.925] [32mINFO[39m (15152): [36mrequest completed[39m
    [35mreq[39m: {
      "id": 5,
      "method": "GET",
      "url": "/api/auth/me"
    }
    [35mres[39m: {
      "statusCode": 401
    }
    [35mresponseTime[39m: 3
[23:53:31.238] [32mINFO[39m (15152): [36mrequest completed[39m
    [35mreq[39m: {
      "id": 6,
      "method": "GET",
      "url": "/api/users/8"
    }
    [35mres[39m: {
      "statusCode": 401
    }
    [35mresponseTime[39m: 4
[23:53:31.244] [32mINFO[39m (15152): [36mrequest completed[39m
    [35mreq[39m: {
      "id": 7,
      "method": "GET",
      "url": "/api/projects"
    }
    [35mres[39m: {
      "statusCode": 401
    }
    [35mresponseTime[39m: 4
[23:53:31.247] [32mINFO[39m (15152): [36mrequest completed[39m
    [35mreq[39m: {
      "id": 8,
      "method": "GET",
      "url": "/api/expenses"
    }
    [35mres[39m: {
      "statusCode": 401
    }
    [35mresponseTime[39m: 2
[23:53:40.231] [32mINFO[39m (15152): [36mrequest completed[39m
    [35mreq[39m: {
      "id": 9,
      "method": "GET",
      "url": "/api/projects"
    }
    [35mres[39m: {
      "statusCode": 401
    }
    [35mresponseTime[39m: 2
[23:53:40.398] [32mINFO[39m (15152): [36mrequest completed[39m
    [35mreq[39m: {
      "id": 10,
      "method": "GET",
      "url": "/api/analytics/summary"
    }
    [35mres[39m: {
      "statusCode": 401
    }
    [35mresponseTime[39m: 3
[23:53:40.400] [32mINFO[39m (15152): [36mrequest completed[39m
    [35mreq[39m: {
      "id": 11,
      "method": "GET",
      "url": "/api/projects"
    }
    [35mres[39m: {
      "statusCode": 401
    }
    [35mresponseTime[39m: 2
[23:53:40.407] [32mINFO[39m (15152): [36mrequest completed[39m
    [35mreq[39m: {
      "id": 12,
      "method": "GET",
      "url": "/api/projects"
    }
    [35mres[39m: {
      "statusCode": 401
    }
    [35mresponseTime[39m: 3
[23:53:40.409] [32mINFO[39m (15152): [36mrequest completed[39m
    [35mreq[39m: {
      "id": 13,
      "method": "GET",
      "url": "/api/projects"
    }
    [35mres[39m: {
      "statusCode": 401
    }
    [35mresponseTime[39m: 2
[23:53:41.256] [32mINFO[39m (15152): [36mrequest completed[39m
    [35mreq[39m: {
      "id": 14,
      "method": "GET",
      "url": "/api/projects"
    }
    [35mres[39m: {
      "statusCode": 401
    }
    [35mresponseTime[39m: 2
[23:53:41.725] [32mINFO[39m (15152): [36mrequest completed[39m
    [35mreq[39m: {
      "id": 15,
      "method": "GET",
      "url": "/api/analytics/summary"
    }
    [35mres[39m: {
      "statusCode": 401
    }
    [35mresponseTime[39m: 1
[23:53:41.747] [32mINFO[39m (15152): [36mrequest completed[39m
    [35mreq[39m: {
      "id": 16,
      "method": "GET",
      "url": "/api/projects"
    }
    [35mres[39m: {
      "statusCode": 401
    }
    [35mresponseTime[39m: 1
[23:53:41.750] [32mINFO[39m (15152): [36mrequest completed[39m
    [35mreq[39m: {
      "id": 17,
      "method": "GET",
      "url": "/api/projects"
    }
    [35mres[39m: {
      "statusCode": 401
    }
    [35mresponseTime[39m: 2
[23:53:41.752] [32mINFO[39m (15152): [36mrequest completed[39m
    [35mreq[39m: {
      "id": 18,
      "method": "GET",
      "url": "/api/projects"
    }
    [35mres[39m: {
      "statusCode": 401
    }
    [35mresponseTime[39m: 1
[23:53:44.007] [32mINFO[39m (15152): [36mrequest completed[39m
    [35mreq[39m: {
      "id": 19,
      "method": "GET",
      "url": "/api/users"
    }
    [35mres[39m: {
      "statusCode": 401
    }
    [35mresponseTime[39m: 2
[23:53:45.365] [32mINFO[39m (15152): [36mrequest completed[39m
    [35mreq[39m: {
      "id": 20,
      "method": "GET",
      "url": "/api/users"
    }
    [35mres[39m: {
      "statusCode": 401
    }
    [35mresponseTime[39m: 2
[23:53:49.400] [32mINFO[39m (15152): [36mrequest completed[39m
    [35mreq[39m: {
      "id": 21,
      "method": "GET",
      "url": "/api/auth/me"
    }
    [35mres[39m: {
      "statusCode": 401
    }
    [35mresponseTime[39m: 3
[23:53:50.442] [32mINFO[39m (15152): [36mrequest completed[39m
    [35mreq[39m: {
      "id": 22,
      "method": "GET",
      "url": "/api/auth/me"
    }
    [35mres[39m: {
      "statusCode": 401
    }
    [35mresponseTime[39m: 2
[23:53:58.197] [32mINFO[39m (15152): [36mrequest completed[39m
    [35mreq[39m: {
      "id": 23,
      "method": "POST",
      "url": "/api/auth/login"
    }
    [35mres[39m: {
      "statusCode": 200
    }
    [35mresponseTime[39m: 1192
[23:53:58.830] [32mINFO[39m (15152): [36mrequest completed[39m
    [35mreq[39m: {
      "id": 24,
      "method": "GET",
      "url": "/api/auth/me"
    }
    [35mres[39m: {
      "statusCode": 200
    }
    [35mresponseTime[39m: 301
[23:53:59.653] [32mINFO[39m (15152): [36mrequest completed[39m
    [35mreq[39m: {
      "id": 25,
      "method": "GET",
      "url": "/api/projects"
    }
    [35mres[39m: {
      "statusCode": 200
    }
    [35mresponseTime[39m: 721
[23:54:00.292] [32mINFO[39m (15152): [36mrequest completed[39m
    [35mreq[39m: {
      "id": 26,
      "method": "GET",
      "url": "/api/analytics/summary"
    }
    [35mres[39m: {
      "statusCode": 304
    }
    [35mresponseTime[39m: 1051
[23:54:00.368] [32mINFO[39m (15152): [36mrequest completed[39m
    [35mreq[39m: {
      "id": 27,
      "method": "GET",
      "url": "/api/projects"
    }
    [35mres[39m: {
      "statusCode": 200
    }
    [35mresponseTime[39m: 1125
[23:54:00.465] [32mINFO[39m (15152): [36mrequest completed[39m
    [35mreq[39m: {
      "id": 28,
      "method": "GET",
      "url": "/api/projects"
    }
    [35mres[39m: {
      "statusCode": 304
    }
    [35mresponseTime[39m: 1221
[23:54:00.559] [32mINFO[39m (15152): [36mrequest completed[39m
    [35mreq[39m: {
      "id": 30,
      "method": "POST",
      "url": "/api/auth/login"
    }
    [35mres[39m: {
      "statusCode": 200
    }
    [35mresponseTime[39m: 727
[23:54:00.722] [32mINFO[39m (15152): [36mrequest completed[39m
    [35mreq[39m: {
      "id": 31,
      "method": "GET",
      "url": "/api/projects"
    }
    [35mres[39m: {
      "statusCode": 401
    }
    [35mresponseTime[39m: 4
[23:54:00.761] [32mINFO[39m (15152): [36mrequest completed[39m
    [35mreq[39m: {
      "id": 29,
      "method": "GET",
      "url": "/api/projects"
    }
    [35mres[39m: {
      "statusCode": 304
    }
    [35mresponseTime[39m: 1509
[23:54:06.997] [32mINFO[39m (15152): [36mrequest completed[39m
    [35mreq[39m: {
      "id": 32,
      "method": "POST",
      "url": "/api/auth/login"
    }
    [35mres[39m: {
      "statusCode": 200
    }
    [35mresponseTime[39m: 309
[23:54:07.747] [32mINFO[39m (15152): [36mrequest completed[39m
    [35mreq[39m: {
      "id": 33,
      "method": "GET",
      "url": "/api/projects"
    }
    [35mres[39m: {
      "statusCode": 200
    }
    [35mresponseTime[39m: 687
[23:54:08.594] [32mINFO[39m (15152): [36mrequest completed[39m
    [35mreq[39m: {
      "id": 34,
      "method": "PATCH",
      "url": "/api/projects/14384/assignees/2"
    }
    [35mres[39m: {
      "statusCode": 404
    }
    [35mresponseTime[39m: 471
[23:54:23.389] [32mINFO[39m (15152): [36mrequest completed[39m
    [35mreq[39m: {
      "id": 35,
      "method": "POST",
      "url": "/api/auth/login"
    }
    [35mres[39m: {
      "statusCode": 200
    }
    [35mresponseTime[39m: 1102
[23:54:24.212] [32mINFO[39m (15152): [36mrequest completed[39m
    [35mreq[39m: {
      "id": 36,
      "method": "GET",
      "url": "/api/projects"
    }
    [35mres[39m: {
      "statusCode": 200
    }
    [35mresponseTime[39m: 732
[23:54:24.945] [32mINFO[39m (15152): [36mrequest completed[39m
    [35mreq[39m: {
      "id": 37,
      "method": "PATCH",
      "url": "/api/projects/1/assignees/8"
    }
    [35mres[39m: {
      "statusCode": 200
    }
    [35mresponseTime[39m: 611
[23:54:53.759] [32mINFO[39m (15152): [36mrequest aborted[39m
    [35mreq[39m: {
      "id": 39,
      "method": "GET",
      "url": "/api/analytics/summary"
    }
    [35mres[39m: {
      "statusCode": null
    }
    [35mresponseTime[39m: 2036
[23:54:53.761] [32mINFO[39m (15152): [36mrequest aborted[39m
    [35mreq[39m: {
      "id": 40,
      "method": "GET",
      "url": "/api/projects"
    }
    [35mres[39m: {
      "statusCode": null
    }
    [35mresponseTime[39m: 2036
[23:54:53.761] [32mINFO[39m (15152): [36mrequest aborted[39m
    [35mreq[39m: {
      "id": 41,
      "method": "GET",
      "url": "/api/projects"
    }
    [35mres[39m: {
      "statusCode": null
    }
    [35mresponseTime[39m: 2035
[23:54:53.761] [32mINFO[39m (15152): [36mrequest aborted[39m
    [35mreq[39m: {
      "id": 42,
      "method": "GET",
      "url": "/api/projects"
    }
    [35mres[39m: {
      "statusCode": null
    }
    [35mresponseTime[39m: 2035
[23:54:53.762] [32mINFO[39m (15152): [36mrequest aborted[39m
    [35mreq[39m: {
      "id": 43,
      "method": "GET",
      "url": "/api/projects"
    }
    [35mres[39m: {
      "statusCode": null
    }
    [35mresponseTime[39m: 2034
[23:54:55.473] [32mINFO[39m (15152): [36mrequest completed[39m
    [35mreq[39m: {
      "id": 38,
      "method": "GET",
      "url": "/api/auth/me"
    }
    [35mres[39m: {
      "statusCode": 304
    }
    [35mresponseTime[39m: 3750
[23:54:56.000] [32mINFO[39m (15152): [36mrequest completed[39m
    [35mreq[39m: {
      "id": 44,
      "method": "GET",
      "url": "/api/users"
    }
    [35mres[39m: {
      "statusCode": 200
    }
    [35mresponseTime[39m: 1930
[23:54:57.070] [32mINFO[39m (15152): [36mrequest completed[39m
    [35mreq[39m: {
      "id": 45,
      "method": "GET",
      "url": "/api/projects"
    }
    [35mres[39m: {
      "statusCode": 200
    }
    [35mresponseTime[39m: 732
[23:54:57.853] [32mINFO[39m (15152): [36mrequest completed[39m
    [35mreq[39m: {
      "id": 46,
      "method": "GET",
      "url": "/api/users/8"
    }
    [35mres[39m: {
      "statusCode": 200
    }
    [35mresponseTime[39m: 446
[23:54:58.153] [32mINFO[39m (15152): [36mrequest completed[39m
    [35mreq[39m: {
      "id": 48,
      "method": "GET",
      "url": "/api/expenses"
    }
    [35mres[39m: {
      "statusCode": 200
    }
    [35mresponseTime[39m: 423
[23:54:58.465] [32mINFO[39m (15152): [36mrequest completed[39m
    [35mreq[39m: {
      "id": 47,
      "method": "GET",
      "url": "/api/projects"
    }
    [35mres[39m: {
      "statusCode": 200
    }
    [35mresponseTime[39m: 737
[23:55:04.833] [32mINFO[39m (15152): [36mrequest completed[39m
    [35mreq[39m: {
      "id": 49,
      "method": "PATCH",
      "url": "/api/projects/1/assignees/8"
    }
    [35mres[39m: {
      "statusCode": 200
    }
    [35mresponseTime[39m: 610
[23:55:13.025] [32mINFO[39m (15152): [36mrequest completed[39m
    [35mreq[39m: {
      "id": 50,
      "method": "GET",
      "url": "/api/projects"
    }
    [35mres[39m: {
      "statusCode": 200
    }
    [35mresponseTime[39m: 716
[23:55:13.690] [32mINFO[39m (15152): [36mrequest completed[39m
    [35mreq[39m: {
      "id": 51,
      "method": "GET",
      "url": "/api/projects"
    }
    [35mres[39m: {
      "statusCode": 304
    }
    [35mresponseTime[39m: 1051
[23:55:13.702] [32mINFO[39m (15152): [36mrequest completed[39m
    [35mreq[39m: {
      "id": 53,
      "method": "GET",
      "url": "/api/projects"
    }
    [35mres[39m: {
      "statusCode": 200
    }
    [35mresponseTime[39m: 1059
[23:55:13.822] [32mINFO[39m (15152): [36mrequest completed[39m
    [35mreq[39m: {
      "id": 55,
      "method": "GET",
      "url": "/api/projects"
    }
    [35mres[39m: {
      "statusCode": 304
    }
    [35mresponseTime[39m: 1177
[23:55:13.852] [32mINFO[39m (15152): [36mrequest completed[39m
    [35mreq[39m: {
      "id": 54,
      "method": "GET",
      "url": "/api/projects"
    }
    [35mres[39m: {
      "statusCode": 304
    }
    [35mresponseTime[39m: 1208
[23:55:13.862] [32mINFO[39m (15152): [36mrequest completed[39m
    [35mreq[39m: {
      "id": 52,
      "method": "GET",
      "url": "/api/projects"
    }
    [35mres[39m: {
      "statusCode": 200
    }
    [35mresponseTime[39m: 1221
[23:55:14.212] [32mINFO[39m (15152): [36mrequest completed[39m
    [35mreq[39m: {
      "id": 56,
      "method": "GET",
      "url": "/api/clients"
    }
    [35mres[39m: {
      "statusCode": 304
    }
    [35mresponseTime[39m: 875
[23:55:14.314] [32mINFO[39m (15152): [36mrequest completed[39m
    [35mreq[39m: {
      "id": 58,
      "method": "GET",
      "url": "/api/workflow-templates"
    }
    [35mres[39m: {
      "statusCode": 304
    }
    [35mresponseTime[39m: 294
[23:55:14.403] [32mINFO[39m (15152): [36mrequest completed[39m
    [35mreq[39m: {
      "id": 57,
      "method": "GET",
      "url": "/api/services"
    }
    [35mres[39m: {
      "statusCode": 304
    }
    [35mresponseTime[39m: 399
[23:55:16.285] [32mINFO[39m (15152): [36mrequest completed[39m
    [35mreq[39m: {
      "id": 62,
      "method": "GET",
      "url": "/api/payments/project/1"
    }
    [35mres[39m: {
      "statusCode": 304
    }
    [35mresponseTime[39m: 573
[23:55:16.317] [32mINFO[39m (15152): [36mrequest completed[39m
    [35mreq[39m: {
      "id": 61,
      "method": "GET",
      "url": "/api/projects/1/milestones"
    }
    [35mres[39m: {
      "statusCode": 304
    }
    [35mresponseTime[39m: 607
[23:55:16.536] [32mINFO[39m (15152): [36mrequest completed[39m
    [35mreq[39m: {
      "id": 60,
      "method": "GET",
      "url": "/api/projects/1/notes"
    }
    [35mres[39m: {
      "statusCode": 304
    }
    [35mresponseTime[39m: 827
[23:55:16.570] [32mINFO[39m (15152): [36mrequest completed[39m
    [35mreq[39m: {
      "id": 59,
      "method": "GET",
      "url": "/api/projects/1"
    }
    [35mres[39m: {
      "statusCode": 200
    }
    [35mresponseTime[39m: 862
[23:55:38.742] [32mINFO[39m (15152): [36mrequest completed[39m
    [35mreq[39m: {
      "id": 63,
      "method": "PATCH",
      "url": "/api/projects/1"
    }
    [35mres[39m: {
      "statusCode": 200
    }
    [35mresponseTime[39m: 2309
[23:55:39.848] [32mINFO[39m (15152): [36mrequest completed[39m
    [35mreq[39m: {
      "id": 64,
      "method": "GET",
      "url": "/api/projects/1"
    }
    [35mres[39m: {
      "statusCode": 200
    }
    [35mresponseTime[39m: 788
[23:55:41.898] [32mINFO[39m (15152): [36mrequest completed[39m
    [35mreq[39m: {
      "id": 65,
      "method": "POST",
      "url": "/api/accounting/process-salaries/2026-06"
    }
    [35mres[39m: {
      "statusCode": 200
    }
    [35mresponseTime[39m: 403
[23:55:43.138] [32mINFO[39m (15152): [36mrequest completed[39m
    [35mreq[39m: {
      "id": 68,
      "method": "GET",
      "url": "/api/expenses"
    }
    [35mres[39m: {
      "statusCode": 200
    }
    [35mresponseTime[39m: 1313
[23:55:43.234] [32mINFO[39m (15152): [36mrequest completed[39m
    [35mreq[39m: {
      "id": 66,
      "method": "GET",
      "url": "/api/accounting/monthly"
    }
    [35mres[39m: {
      "statusCode": 200
    }
    [35mresponseTime[39m: 1412
[23:55:43.444] [32mINFO[39m (15152): [36mrequest completed[39m
    [35mreq[39m: {
      "id": 67,
      "method": "GET",
      "url": "/api/accounting/summary"
    }
    [35mres[39m: {
      "statusCode": 200
    }
    [35mresponseTime[39m: 1620
[23:56:29.837] [32mINFO[39m (15152): [36mrequest completed[39m
    [35mreq[39m: {
      "id": 70,
      "method": "GET",
      "url": "/api/users"
    }
    [35mres[39m: {
      "statusCode": 304
    }
    [35mresponseTime[39m: 1145
[23:56:30.002] [32mINFO[39m (15152): [36mrequest completed[39m
    [35mreq[39m: {
      "id": 69,
      "method": "GET",
      "url": "/api/projects"
    }
    [35mres[39m: {
      "statusCode": 200
    }
    [35mresponseTime[39m: 1616
[23:56:30.909] [32mINFO[39m (15152): [36mrequest completed[39m
    [35mreq[39m: {
      "id": 71,
      "method": "GET",
      "url": "/api/workflow-templates"
    }
    [35mres[39m: {
      "statusCode": 304
    }
    [35mresponseTime[39m: 283
[23:56:32.451] [32mINFO[39m (15152): [36mrequest completed[39m
    [35mreq[39m: {
      "id": 72,
      "method": "GET",
      "url": "/api/client-accounts"
    }
    [35mres[39m: {
      "statusCode": 304
    }
    [35mresponseTime[39m: 387
[23:56:50.624] [32mINFO[39m (15152): [36mrequest completed[39m
    [35mreq[39m: {
      "id": 73,
      "method": "PATCH",
      "url": "/api/client-accounts/1"
    }
    [35mres[39m: {
      "statusCode": 200
    }
    [35mresponseTime[39m: 1410
[23:56:51.017] [32mINFO[39m (15152): [36mrequest completed[39m
    [35mreq[39m: {
      "id": 74,
      "method": "GET",
      "url": "/api/client-accounts"
    }
    [35mres[39m: {
      "statusCode": 200
    }
    [35mresponseTime[39m: 374
[10:03:59.258] [32mINFO[39m (15152): [36mrequest completed[39m
    [35mreq[39m: {
      "id": 75,
      "method": "GET",
      "url": "/api/auth/me"
    }
    [35mres[39m: {
      "statusCode": 304
    }
    [35mresponseTime[39m: 1396
[10:04:00.074] [32mINFO[39m (15152): [36mrequest completed[39m
    [35mreq[39m: {
      "id": 76,
      "method": "GET",
      "url": "/api/analytics/summary"
    }
    [35mres[39m: {
      "statusCode": 200
    }
    [35mresponseTime[39m: 721
[10:04:00.586] [32mINFO[39m (15152): [36mrequest completed[39m
    [35mreq[39m: {
      "id": 78,
      "method": "GET",
      "url": "/api/projects"
    }
    [35mres[39m: {
      "statusCode": 200
    }
    [35mresponseTime[39m: 1219
[10:04:00.770] [32mINFO[39m (15152): [36mrequest completed[39m
    [35mreq[39m: {
      "id": 77,
      "method": "GET",
      "url": "/api/projects"
    }
    [35mres[39m: {
      "statusCode": 200
    }
    [35mresponseTime[39m: 1404
[10:04:00.797] [32mINFO[39m (15152): [36mrequest completed[39m
    [35mreq[39m: {
      "id": 80,
      "method": "GET",
      "url": "/api/projects"
    }
    [35mres[39m: {
      "statusCode": 304
    }
    [35mresponseTime[39m: 1426
[10:04:00.874] [32mINFO[39m (15152): [36mrequest completed[39m
    [35mreq[39m: {
      "id": 79,
      "method": "GET",
      "url": "/api/projects"
    }
    [35mres[39m: {
      "statusCode": 200
    }
    [35mresponseTime[39m: 1504
[10:04:14.480] [32mINFO[39m (15152): [36mrequest completed[39m
    [35mreq[39m: {
      "id": 81,
      "method": "GET",
      "url": "/api/projects"
    }
    [35mres[39m: {
      "statusCode": 304
    }
    [35mresponseTime[39m: 1178
[10:04:14.700] [32mINFO[39m (15152): [36mrequest completed[39m
    [35mreq[39m: {
      "id": 86,
      "method": "GET",
      "url": "/api/workflow-templates"
    }
    [35mres[39m: {
      "statusCode": 304
    }
    [35mresponseTime[39m: 1077
[10:04:14.752] [32mINFO[39m (15152): [36mrequest completed[39m
    [35mreq[39m: {
      "id": 82,
      "method": "GET",
      "url": "/api/projects"
    }
    [35mres[39m: {
      "statusCode": 304
    }
    [35mresponseTime[39m: 1135
[10:04:14.805] [32mINFO[39m (15152): [36mrequest completed[39m
    [35mreq[39m: {
      "id": 84,
      "method": "GET",
      "url": "/api/users"
    }
    [35mres[39m: {
      "statusCode": 304
    }
    [35mresponseTime[39m: 1184
[10:04:14.819] [32mINFO[39m (15152): [36mrequest completed[39m
    [35mreq[39m: {
      "id": 85,
      "method": "GET",
      "url": "/api/services"
    }
    [35mres[39m: {
      "statusCode": 304
    }
    [35mresponseTime[39m: 1197
[10:04:14.870] [32mINFO[39m (15152): [36mrequest completed[39m
    [35mreq[39m: {
      "id": 83,
      "method": "GET",
      "url": "/api/clients"
    }
    [35mres[39m: {
      "statusCode": 304
    }
    [35mresponseTime[39m: 1251
[10:04:19.813] [32mINFO[39m (15152): [36mrequest completed[39m
    [35mreq[39m: {
      "id": 89,
      "method": "GET",
      "url": "/api/projects/1/milestones"
    }
    [35mres[39m: {
      "statusCode": 304
    }
    [35mresponseTime[39m: 489
[10:04:19.831] [32mINFO[39m (15152): [36mrequest completed[39m
    [35mreq[39m: {
      "id": 90,
      "method": "GET",
      "url": "/api/payments/project/1"
    }
    [35mres[39m: {
      "statusCode": 304
    }
    [35mresponseTime[39m: 507
[10:04:19.849] [32mINFO[39m (15152): [36mrequest completed[39m
    [35mreq[39m: {
      "id": 88,
      "method": "GET",
      "url": "/api/projects/1/notes"
    }
    [35mres[39m: {
      "statusCode": 304
    }
    [35mresponseTime[39m: 532
[10:04:20.156] [32mINFO[39m (15152): [36mrequest completed[39m
    [35mreq[39m: {
      "id": 87,
      "method": "GET",
      "url": "/api/projects/1"
    }
    [35mres[39m: {
      "statusCode": 304
    }
    [35mresponseTime[39m: 840
[10:04:44.880] [32mINFO[39m (15152): [36mrequest completed[39m
    [35mreq[39m: {
      "id": 93,
      "method": "GET",
      "url": "/api/projects"
    }
    [35mres[39m: {
      "statusCode": 304
    }
    [35mresponseTime[39m: 1153
[10:04:44.899] [32mINFO[39m (15152): [36mrequest completed[39m
    [35mreq[39m: {
      "id": 91,
      "method": "GET",
      "url": "/api/analytics/summary"
    }
    [35mres[39m: {
      "statusCode": 304
    }
    [35mresponseTime[39m: 1497
[10:04:45.109] [32mINFO[39m (15152): [36mrequest completed[39m
    [35mreq[39m: {
      "id": 92,
      "method": "GET",
      "url": "/api/projects"
    }
    [35mres[39m: {
      "statusCode": 304
    }
    [35mresponseTime[39m: 1383
[10:04:45.153] [32mINFO[39m (15152): [36mrequest completed[39m
    [35mreq[39m: {
      "id": 95,
      "method": "GET",
      "url": "/api/projects"
    }
    [35mres[39m: {
      "statusCode": 304
    }
    [35mresponseTime[39m: 1425
[10:04:45.189] [32mINFO[39m (15152): [36mrequest completed[39m
    [35mreq[39m: {
      "id": 94,
      "method": "GET",
      "url": "/api/projects"
    }
    [35mres[39m: {
      "statusCode": 304
    }
    [35mresponseTime[39m: 1462
[10:04:56.629] [32mINFO[39m (15152): [36mrequest completed[39m
    [35mreq[39m: {
      "id": 101,
      "method": "GET",
      "url": "/api/workflow-templates"
    }
    [35mres[39m: {
      "statusCode": 304
    }
    [35mresponseTime[39m: 1078
[10:04:56.684] [32mINFO[39m (15152): [36mrequest completed[39m
    [35mreq[39m: {
      "id": 100,
      "method": "GET",
      "url": "/api/services"
    }
    [35mres[39m: {
      "statusCode": 304
    }
    [35mresponseTime[39m: 1134
[10:04:56.686] [32mINFO[39m (15152): [36mrequest completed[39m
    [35mreq[39m: {
      "id": 96,
      "method": "GET",
      "url": "/api/projects"
    }
    [35mres[39m: {
      "statusCode": 304
    }
    [35mresponseTime[39m: 1139
[10:04:56.756] [32mINFO[39m (15152): [36mrequest completed[39m
    [35mreq[39m: {
      "id": 99,
      "method": "GET",
      "url": "/api/users"
    }
    [35mres[39m: {
      "statusCode": 304
    }
    [35mresponseTime[39m: 1206
[10:04:56.759] [32mINFO[39m (15152): [36mrequest completed[39m
    [35mreq[39m: {
      "id": 97,
      "method": "GET",
      "url": "/api/projects"
    }
    [35mres[39m: {
      "statusCode": 304
    }
    [35mresponseTime[39m: 1211
[10:04:56.841] [32mINFO[39m (15152): [36mrequest completed[39m
    [35mreq[39m: {
      "id": 98,
      "method": "GET",
      "url": "/api/clients"
    }
    [35mres[39m: {
      "statusCode": 304
    }
    [35mresponseTime[39m: 1292
[10:04:57.874] [32mINFO[39m (15152): [36mrequest completed[39m
    [35mreq[39m: {
      "id": 105,
      "method": "GET",
      "url": "/api/payments/project/1"
    }
    [35mres[39m: {
      "statusCode": 304
    }
    [35mresponseTime[39m: 461
[10:04:57.895] [32mINFO[39m (15152): [36mrequest completed[39m
    [35mreq[39m: {
      "id": 104,
      "method": "GET",
      "url": "/api/projects/1/milestones"
    }
    [35mres[39m: {
      "statusCode": 304
    }
    [35mresponseTime[39m: 483
[10:04:57.940] [32mINFO[39m (15152): [36mrequest completed[39m
    [35mreq[39m: {
      "id": 103,
      "method": "GET",
      "url": "/api/projects/1/notes"
    }
    [35mres[39m: {
      "statusCode": 304
    }
    [35mresponseTime[39m: 529
[10:04:58.192] [32mINFO[39m (15152): [36mrequest completed[39m
    [35mreq[39m: {
      "id": 102,
      "method": "GET",
      "url": "/api/projects/1"
    }
    [35mres[39m: {
      "statusCode": 304
    }
    [35mresponseTime[39m: 782
[10:05:47.438] [32mINFO[39m (15152): [36mrequest completed[39m
    [35mreq[39m: {
      "id": 108,
      "method": "GET",
      "url": "/api/projects"
    }
    [35mres[39m: {
      "statusCode": 304
    }
    [35mresponseTime[39m: 1180
[10:05:47.667] [32mINFO[39m (15152): [36mrequest completed[39m
    [35mreq[39m: {
      "id": 110,
      "method": "GET",
      "url": "/api/projects"
    }
    [35mres[39m: {
      "statusCode": 304
    }
    [35mresponseTime[39m: 1405
[10:05:47.698] [32mINFO[39m (15152): [36mrequest completed[39m
    [35mreq[39m: {
      "id": 106,
      "method": "GET",
      "url": "/api/analytics/summary"
    }
    [35mres[39m: {
      "statusCode": 304
    }
    [35mresponseTime[39m: 1769
[10:05:47.730] [32mINFO[39m (15152): [36mrequest completed[39m
    [35mreq[39m: {
      "id": 107,
      "method": "GET",
      "url": "/api/projects"
    }
    [35mres[39m: {
      "statusCode": 304
    }
    [35mresponseTime[39m: 1474
[10:05:47.808] [32mINFO[39m (15152): [36mrequest completed[39m
    [35mreq[39m: {
      "id": 109,
      "method": "GET",
      "url": "/api/projects"
    }
    [35mres[39m: {
      "statusCode": 304
    }
    [35mresponseTime[39m: 1548
[10:05:57.408] [32mINFO[39m (15152): [36mrequest completed[39m
    [35mreq[39m: {
      "id": 111,
      "method": "GET",
      "url": "/api/projects"
    }
    [35mres[39m: {
      "statusCode": 304
    }
    [35mresponseTime[39m: 379
[10:05:57.425] [32mINFO[39m (15152): [36mrequest completed[39m
    [35mreq[39m: {
      "id": 112,
      "method": "GET",
      "url": "/api/projects"
    }
    [35mres[39m: {
      "statusCode": 304
    }
    [35mresponseTime[39m: 395
[10:05:57.529] [32mINFO[39m (15152): [36mrequest completed[39m
    [35mreq[39m: {
      "id": 113,
      "method": "GET",
      "url": "/api/clients"
    }
    [35mres[39m: {
      "statusCode": 304
    }
    [35mresponseTime[39m: 499
[10:05:57.772] [32mINFO[39m (15152): [36mrequest completed[39m
    [35mreq[39m: {
      "id": 116,
      "method": "GET",
      "url": "/api/workflow-templates"
    }
    [35mres[39m: {
      "statusCode": 304
    }
    [35mresponseTime[39m: 738
[10:05:57.845] [32mINFO[39m (15152): [36mrequest completed[39m
    [35mreq[39m: {
      "id": 114,
      "method": "GET",
      "url": "/api/users"
    }
    [35mres[39m: {
      "statusCode": 304
    }
    [35mresponseTime[39m: 814
[10:05:57.894] [32mINFO[39m (15152): [36mrequest completed[39m
    [35mreq[39m: {
      "id": 115,
      "method": "GET",
      "url": "/api/services"
    }
    [35mres[39m: {
      "statusCode": 304
    }
    [35mresponseTime[39m: 862
[10:07:15.640] [32mINFO[39m (15152): [36mrequest completed[39m
    [35mreq[39m: {
      "id": 117,
      "method": "POST",
      "url": "/api/clients"
    }
    [35mres[39m: {
      "statusCode": 201
    }
    [35mresponseTime[39m: 2100
[10:07:16.527] [32mINFO[39m (15152): [36mrequest completed[39m
    [35mreq[39m: {
      "id": 118,
      "method": "GET",
      "url": "/api/clients"
    }
    [35mres[39m: {
      "statusCode": 200
    }
    [35mresponseTime[39m: 868
[10:07:25.704] [32mINFO[39m (15152): [36mrequest completed[39m
    [35mreq[39m: {
      "id": 119,
      "method": "GET",
      "url": "/api/projects"
    }
    [35mres[39m: {
      "statusCode": 304
    }
    [35mresponseTime[39m: 660
[10:07:26.087] [32mINFO[39m (15152): [36mrequest completed[39m
    [35mreq[39m: {
      "id": 124,
      "method": "GET",
      "url": "/api/projects"
    }
    [35mres[39m: {
      "statusCode": 304
    }
    [35mresponseTime[39m: 1037
[10:07:26.195] [32mINFO[39m (15152): [36mrequest completed[39m
    [35mreq[39m: {
      "id": 123,
      "method": "GET",
      "url": "/api/projects"
    }
    [35mres[39m: {
      "statusCode": 304
    }
    [35mresponseTime[39m: 1146
[10:07:26.209] [32mINFO[39m (15152): [36mrequest completed[39m
    [35mreq[39m: {
      "id": 121,
      "method": "GET",
      "url": "/api/projects"
    }
    [35mres[39m: {
      "statusCode": 304
    }
    [35mresponseTime[39m: 1162
[10:07:26.251] [32mINFO[39m (15152): [36mrequest completed[39m
    [35mreq[39m: {
      "id": 120,
      "method": "GET",
      "url": "/api/projects"
    }
    [35mres[39m: {
      "statusCode": 304
    }
    [35mresponseTime[39m: 1206
[10:07:26.394] [32mINFO[39m (15152): [36mrequest completed[39m
    [35mreq[39m: {
      "id": 125,
      "method": "GET",
      "url": "/api/users"
    }
    [35mres[39m: {
      "statusCode": 200
    }
    [35mresponseTime[39m: 369
[10:07:26.551] [32mINFO[39m (15152): [36mrequest completed[39m
    [35mreq[39m: {
      "id": 122,
      "method": "GET",
      "url": "/api/projects"
    }
    [35mres[39m: {
      "statusCode": 304
    }
    [35mresponseTime[39m: 1502
[10:07:26.791] [32mINFO[39m (15152): [36mrequest completed[39m
    [35mreq[39m: {
      "id": 126,
      "method": "GET",
      "url": "/api/services"
    }
    [35mres[39m: {
      "statusCode": 304
    }
    [35mresponseTime[39m: 390
[10:07:26.793] [32mINFO[39m (15152): [36mrequest completed[39m
    [35mreq[39m: {
      "id": 127,
      "method": "GET",
      "url": "/api/workflow-templates"
    }
    [35mres[39m: {
      "statusCode": 304
    }
    [35mresponseTime[39m: 285
[10:11:22.710] [32mINFO[39m (15152): [36mrequest completed[39m
    [35mreq[39m: {
      "id": 130,
      "method": "GET",
      "url": "/api/auth/me"
    }
    [35mres[39m: {
      "statusCode": 304
    }
    [35mresponseTime[39m: 1256
[10:11:22.785] [32mINFO[39m (15152): [36mrequest completed[39m
    [35mreq[39m: {
      "id": 128,
      "method": "GET",
      "url": "/api/projects"
    }
    [35mres[39m: {
      "statusCode": 304
    }
    [35mresponseTime[39m: 1335
[10:11:22.792] [32mINFO[39m (15152): [36mrequest completed[39m
    [35mreq[39m: {
      "id": 131,
      "method": "GET",
      "url": "/api/projects"
    }
    [35mres[39m: {
      "statusCode": 304
    }
    [35mresponseTime[39m: 1338
[10:11:22.839] [32mINFO[39m (15152): [36mrequest completed[39m
    [35mreq[39m: {
      "id": 129,
      "method": "GET",
      "url": "/api/users"
    }
    [35mres[39m: {
      "statusCode": 304
    }
    [35mresponseTime[39m: 1387
[10:11:22.983] [32mINFO[39m (15152): [36mrequest completed[39m
    [35mreq[39m: {
      "id": 133,
      "method": "GET",
      "url": "/api/projects"
    }
    [35mres[39m: {
      "statusCode": 304
    }
    [35mresponseTime[39m: 1528
[10:11:23.120] [32mINFO[39m (15152): [36mrequest completed[39m
    [35mreq[39m: {
      "id": 132,
      "method": "GET",
      "url": "/api/projects"
    }
    [35mres[39m: {
      "statusCode": 304
    }
    [35mresponseTime[39m: 1665
[10:11:23.445] [32mINFO[39m (15152): [36mrequest completed[39m
    [35mreq[39m: {
      "id": 135,
      "method": "GET",
      "url": "/api/workflow-templates"
    }
    [35mres[39m: {
      "statusCode": 304
    }
    [35mresponseTime[39m: 340
[10:11:23.520] [32mINFO[39m (15152): [36mrequest completed[39m
    [35mreq[39m: {
      "id": 136,
      "method": "GET",
      "url": "/api/projects"
    }
    [35mres[39m: {
      "statusCode": 304
    }
    [35mresponseTime[39m: 414
[10:11:23.719] [32mINFO[39m (15152): [36mrequest completed[39m
    [35mreq[39m: {
      "id": 137,
      "method": "GET",
      "url": "/api/clients"
    }
    [35mres[39m: {
      "statusCode": 304
    }
    [35mresponseTime[39m: 567
[10:11:23.730] [32mINFO[39m (15152): [36mrequest completed[39m
    [35mreq[39m: {
      "id": 134,
      "method": "GET",
      "url": "/api/projects"
    }
    [35mres[39m: {
      "statusCode": 304
    }
    [35mresponseTime[39m: 712
[10:11:23.780] [32mINFO[39m (15152): [36mrequest completed[39m
    [35mreq[39m: {
      "id": 138,
      "method": "GET",
      "url": "/api/services"
    }
    [35mres[39m: {
      "statusCode": 304
    }
    [35mresponseTime[39m: 475
[10:11:58.502] [32mINFO[39m (15152): [36mrequest completed[39m
    [35mreq[39m: {
      "id": 139,
      "method": "GET",
      "url": "/api/auth/me"
    }
    [35mres[39m: {
      "statusCode": 304
    }
    [35mresponseTime[39m: 1023
[10:11:58.621] [32mINFO[39m (15152): [36mrequest completed[39m
    [35mreq[39m: {
      "id": 144,
      "method": "GET",
      "url": "/api/projects"
    }
    [35mres[39m: {
      "statusCode": 304
    }
    [35mresponseTime[39m: 1137
[10:11:58.698] [32mINFO[39m (15152): [36mrequest completed[39m
    [35mreq[39m: {
      "id": 141,
      "method": "GET",
      "url": "/api/projects"
    }
    [35mres[39m: {
      "statusCode": 304
    }
    [35mresponseTime[39m: 1218
[10:11:58.932] [32mINFO[39m (15152): [36mrequest completed[39m
    [35mreq[39m: {
      "id": 142,
      "method": "GET",
      "url": "/api/projects"
    }
    [35mres[39m: {
      "statusCode": 304
    }
    [35mresponseTime[39m: 1450
[10:11:58.996] [32mINFO[39m (15152): [36mrequest completed[39m
    [35mreq[39m: {
      "id": 140,
      "method": "GET",
      "url": "/api/projects"
    }
    [35mres[39m: {
      "statusCode": 304
    }
    [35mresponseTime[39m: 1517
[10:11:58.998] [32mINFO[39m (15152): [36mrequest completed[39m
    [35mreq[39m: {
      "id": 143,
      "method": "GET",
      "url": "/api/projects"
    }
    [35mres[39m: {
      "statusCode": 304
    }
    [35mresponseTime[39m: 1515
[10:11:59.213] [32mINFO[39m (15152): [36mrequest completed[39m
    [35mreq[39m: {
      "id": 145,
      "method": "GET",
      "url": "/api/projects"
    }
    [35mres[39m: {
      "statusCode": 304
    }
    [35mresponseTime[39m: 390
[10:11:59.395] [32mINFO[39m (15152): [36mrequest completed[39m
    [35mreq[39m: {
      "id": 147,
      "method": "GET",
      "url": "/api/users"
    }
    [35mres[39m: {
      "statusCode": 304
    }
    [35mresponseTime[39m: 375
[10:11:59.428] [32mINFO[39m (15152): [36mrequest completed[39m
    [35mreq[39m: {
      "id": 146,
      "method": "GET",
      "url": "/api/clients"
    }
    [35mres[39m: {
      "statusCode": 304
    }
    [35mresponseTime[39m: 498
[10:11:59.599] [32mINFO[39m (15152): [36mrequest completed[39m
    [35mreq[39m: {
      "id": 149,
      "method": "GET",
      "url": "/api/workflow-templates"
    }
    [35mres[39m: {
      "statusCode": 304
    }
    [35mresponseTime[39m: 291
[10:11:59.625] [32mINFO[39m (15152): [36mrequest completed[39m
    [35mreq[39m: {
      "id": 148,
      "method": "GET",
      "url": "/api/services"
    }
    [35mres[39m: {
      "statusCode": 304
    }
    [35mresponseTime[39m: 383
[10:19:40.120] [32mINFO[39m (15152): [36mrequest completed[39m
    [35mreq[39m: {
      "id": 150,
      "method": "GET",
      "url": "/api/auth/me"
    }
    [35mres[39m: {
      "statusCode": 304
    }
    [35mresponseTime[39m: 1356
[10:19:40.122] [32mINFO[39m (15152): [36mrequest completed[39m
    [35mreq[39m: {
      "id": 155,
      "method": "GET",
      "url": "/api/projects"
    }
    [35mres[39m: {
      "statusCode": 304
    }
    [35mresponseTime[39m: 1346
[10:19:40.214] [32mINFO[39m (15152): [36mrequest completed[39m
    [35mreq[39m: {
      "id": 152,
      "method": "GET",
      "url": "/api/projects"
    }
    [35mres[39m: {
      "statusCode": 304
    }
    [35mresponseTime[39m: 1443
[10:19:40.557] [32mINFO[39m (15152): [36mrequest completed[39m
    [35mreq[39m: {
      "id": 154,
      "method": "GET",
      "url": "/api/projects"
    }
    [35mres[39m: {
      "statusCode": 304
    }
    [35mresponseTime[39m: 1783
[10:19:40.558] [32mINFO[39m (15152): [36mrequest completed[39m
    [35mreq[39m: {
      "id": 153,
      "method": "GET",
      "url": "/api/projects"
    }
    [35mres[39m: {
      "statusCode": 304
    }
    [35mresponseTime[39m: 1785
[10:19:40.655] [32mINFO[39m (15152): [36mrequest completed[39m
    [35mreq[39m: {
      "id": 151,
      "method": "GET",
      "url": "/api/projects"
    }
    [35mres[39m: {
      "statusCode": 304
    }
    [35mresponseTime[39m: 1886
[10:19:40.960] [32mINFO[39m (15152): [36mrequest completed[39m
    [35mreq[39m: {
      "id": 156,
      "method": "GET",
      "url": "/api/projects"
    }
    [35mres[39m: {
      "statusCode": 304
    }
    [35mresponseTime[39m: 396
[10:19:40.961] [32mINFO[39m (15152): [36mrequest completed[39m
    [35mreq[39m: {
      "id": 158,
      "method": "GET",
      "url": "/api/users"
    }
    [35mres[39m: {
      "statusCode": 304
    }
    [35mresponseTime[39m: 389
[10:19:41.024] [32mINFO[39m (15152): [36mrequest completed[39m
    [35mreq[39m: {
      "id": 157,
      "method": "GET",
      "url": "/api/clients"
    }
    [35mres[39m: {
      "statusCode": 304
    }
    [35mresponseTime[39m: 457
[10:19:41.155] [32mINFO[39m (15152): [36mrequest completed[39m
    [35mreq[39m: {
      "id": 160,
      "method": "GET",
      "url": "/api/workflow-templates"
    }
    [35mres[39m: {
      "statusCode": 304
    }
    [35mresponseTime[39m: 269
[10:19:41.258] [32mINFO[39m (15152): [36mrequest completed[39m
    [35mreq[39m: {
      "id": 159,
      "method": "GET",
      "url": "/api/services"
    }
    [35mres[39m: {
      "statusCode": 304
    }
    [35mresponseTime[39m: 374
[10:23:06.542] [32mINFO[39m (15152): [36mrequest completed[39m
    [35mreq[39m: {
      "id": 163,
      "method": "GET",
      "url": "/api/projects"
    }
    [35mres[39m: {
      "statusCode": 304
    }
    [35mresponseTime[39m: 1274
[10:23:06.768] [32mINFO[39m (15152): [36mrequest completed[39m
    [35mreq[39m: {
      "id": 162,
      "method": "GET",
      "url": "/api/projects"
    }
    [35mres[39m: {
      "statusCode": 304
    }
    [35mresponseTime[39m: 1501
[10:23:06.810] [32mINFO[39m (15152): [36mrequest completed[39m
    [35mreq[39m: {
      "id": 161,
      "method": "GET",
      "url": "/api/analytics/summary"
    }
    [35mres[39m: {
      "statusCode": 200
    }
    [35mresponseTime[39m: 1544
[10:23:06.906] [32mINFO[39m (15152): [36mrequest completed[39m
    [35mreq[39m: {
      "id": 164,
      "method": "GET",
      "url": "/api/projects"
    }
    [35mres[39m: {
      "statusCode": 304
    }
    [35mresponseTime[39m: 1638
[10:23:06.911] [32mINFO[39m (15152): [36mrequest completed[39m
    [35mreq[39m: {
      "id": 165,
      "method": "GET",
      "url": "/api/projects"
    }
    [35mres[39m: {
      "statusCode": 304
    }
    [35mresponseTime[39m: 1642
[10:24:34.323] [32mINFO[39m (15152): [36mrequest completed[39m
    [35mreq[39m: {
      "id": 166,
      "method": "GET",
      "url": "/api/auth/me"
    }
    [35mres[39m: {
      "statusCode": 304
    }
    [35mresponseTime[39m: 1232
[10:24:34.402] [32mINFO[39m (15152): [36mrequest completed[39m
    [35mreq[39m: {
      "id": 168,
      "method": "GET",
      "url": "/api/projects"
    }
    [35mres[39m: {
      "statusCode": 304
    }
    [35mresponseTime[39m: 1281
[10:24:34.593] [32mINFO[39m (15152): [36mrequest completed[39m
    [35mreq[39m: {
      "id": 170,
      "method": "GET",
      "url": "/api/projects"
    }
    [35mres[39m: {
      "statusCode": 304
    }
    [35mresponseTime[39m: 1464
[10:24:34.647] [32mINFO[39m (15152): [36mrequest completed[39m
    [35mreq[39m: {
      "id": 167,
      "method": "GET",
      "url": "/api/projects"
    }
    [35mres[39m: {
      "statusCode": 304
    }
    [35mresponseTime[39m: 1547
[10:24:34.650] [32mINFO[39m (15152): [36mrequest completed[39m
    [35mreq[39m: {
      "id": 169,
      "method": "GET",
      "url": "/api/analytics/summary"
    }
    [35mres[39m: {
      "statusCode": 304
    }
    [35mresponseTime[39m: 1524
[10:24:34.678] [32mINFO[39m (15152): [36mrequest completed[39m
    [35mreq[39m: {
      "id": 171,
      "method": "GET",
      "url": "/api/projects"
    }
    [35mres[39m: {
      "statusCode": 304
    }
    [35mresponseTime[39m: 1547
[10:26:09.391] [32mINFO[39m (15152): [36mrequest completed[39m
    [35mreq[39m: {
      "id": 172,
      "method": "GET",
      "url": "/api/auth/me"
    }
    [35mres[39m: {
      "statusCode": 304
    }
    [35mresponseTime[39m: 1155
[10:26:09.483] [32mINFO[39m (15152): [36mrequest completed[39m
    [35mreq[39m: {
      "id": 174,
      "method": "GET",
      "url": "/api/projects"
    }
    [35mres[39m: {
      "statusCode": 304
    }
    [35mresponseTime[39m: 1244
[10:26:09.726] [32mINFO[39m (15152): [36mrequest completed[39m
    [35mreq[39m: {
      "id": 176,
      "method": "GET",
      "url": "/api/projects"
    }
    [35mres[39m: {
      "statusCode": 304
    }
    [35mresponseTime[39m: 1485
[10:26:09.742] [32mINFO[39m (15152): [36mrequest completed[39m
    [35mreq[39m: {
      "id": 177,
      "method": "GET",
      "url": "/api/analytics/summary"
    }
    [35mres[39m: {
      "statusCode": 304
    }
    [35mresponseTime[39m: 1499
[10:26:09.769] [32mINFO[39m (15152): [36mrequest completed[39m
    [35mreq[39m: {
      "id": 173,
      "method": "GET",
      "url": "/api/projects"
    }
    [35mres[39m: {
      "statusCode": 304
    }
    [35mresponseTime[39m: 1531
[10:26:09.780] [32mINFO[39m (15152): [36mrequest completed[39m
    [35mreq[39m: {
      "id": 175,
      "method": "GET",
      "url": "/api/projects"
    }
    [35mres[39m: {
      "statusCode": 304
    }
    [35mresponseTime[39m: 1541
[10:26:10.887] [32mINFO[39m (15152): [36mrequest completed[39m
    [35mreq[39m: {
      "id": 183,
      "method": "GET",
      "url": "/api/workflow-templates"
    }
    [35mres[39m: {
      "statusCode": 304
    }
    [35mresponseTime[39m: 278
[10:26:10.976] [32mINFO[39m (15152): [36mrequest completed[39m
    [35mreq[39m: {
      "id": 182,
      "method": "GET",
      "url": "/api/services"
    }
    [35mres[39m: {
      "statusCode": 304
    }
    [35mresponseTime[39m: 368
[10:26:10.982] [32mINFO[39m (15152): [36mrequest completed[39m
    [35mreq[39m: {
      "id": 178,
      "method": "GET",
      "url": "/api/projects"
    }
    [35mres[39m: {
      "statusCode": 304
    }
    [35mresponseTime[39m: 378
[10:26:10.989] [32mINFO[39m (15152): [36mrequest completed[39m
    [35mreq[39m: {
      "id": 179,
      "method": "GET",
      "url": "/api/projects"
    }
    [35mres[39m: {
      "statusCode": 304
    }
    [35mresponseTime[39m: 384
[10:26:10.998] [32mINFO[39m (15152): [36mrequest completed[39m
    [35mreq[39m: {
      "id": 181,
      "method": "GET",
      "url": "/api/users"
    }
    [35mres[39m: {
      "statusCode": 304
    }
    [35mresponseTime[39m: 391
[10:26:11.088] [32mINFO[39m (15152): [36mrequest completed[39m
    [35mreq[39m: {
      "id": 180,
      "method": "GET",
      "url": "/api/clients"
    }
    [35mres[39m: {
      "statusCode": 304
    }
    [35mresponseTime[39m: 482
[10:27:08.861] [32mINFO[39m (15152): [36mrequest completed[39m
    [35mreq[39m: {
      "id": 184,
      "method": "POST",
      "url": "/api/projects"
    }
    [35mres[39m: {
      "statusCode": 201
    }
    [35mresponseTime[39m: 1837
[10:27:09.896] [32mINFO[39m (15152): [36mrequest completed[39m
    [35mreq[39m: {
      "id": 185,
      "method": "GET",
      "url": "/api/projects"
    }
    [35mres[39m: {
      "statusCode": 200
    }
    [35mresponseTime[39m: 1012
[10:27:09.985] [32mINFO[39m (15152): [36mrequest completed[39m
    [35mreq[39m: {
      "id": 186,
      "method": "GET",
      "url": "/api/projects"
    }
    [35mres[39m: {
      "statusCode": 304
    }
    [35mresponseTime[39m: 783
[10:27:10.227] [32mINFO[39m (15152): [36mrequest completed[39m
    [35mreq[39m: {
      "id": 189,
      "method": "GET",
      "url": "/api/projects"
    }
    [35mres[39m: {
      "statusCode": 200
    }
    [35mresponseTime[39m: 1023
[10:27:10.435] [32mINFO[39m (15152): [36mrequest completed[39m
    [35mreq[39m: {
      "id": 190,
      "method": "GET",
      "url": "/api/projects"
    }
    [35mres[39m: {
      "statusCode": 304
    }
    [35mresponseTime[39m: 1230
[10:27:10.665] [32mINFO[39m (15152): [36mrequest completed[39m
    [35mreq[39m: {
      "id": 188,
      "method": "GET",
      "url": "/api/projects"
    }
    [35mres[39m: {
      "statusCode": 304
    }
    [35mresponseTime[39m: 1461
[10:27:10.721] [32mINFO[39m (15152): [36mrequest completed[39m
    [35mreq[39m: {
      "id": 187,
      "method": "GET",
      "url": "/api/projects"
    }
    [35mres[39m: {
      "statusCode": 304
    }
    [35mresponseTime[39m: 1518
[10:27:19.766] [32mINFO[39m (15152): [36mrequest completed[39m
    [35mreq[39m: {
      "id": 194,
      "method": "GET",
      "url": "/api/users"
    }
    [35mres[39m: {
      "statusCode": 304
    }
    [35mresponseTime[39m: 381
[10:27:19.881] [32mINFO[39m (15152): [36mrequest completed[39m
    [35mreq[39m: {
      "id": 193,
      "method": "GET",
      "url": "/api/projects/2/milestones"
    }
    [35mres[39m: {
      "statusCode": 200
    }
    [35mresponseTime[39m: 497
[10:27:19.893] [32mINFO[39m (15152): [36mrequest completed[39m
    [35mreq[39m: {
      "id": 192,
      "method": "GET",
      "url": "/api/projects/2/notes"
    }
    [35mres[39m: {
      "statusCode": 200
    }
    [35mresponseTime[39m: 510
[10:27:20.132] [32mINFO[39m (15152): [36mrequest completed[39m
    [35mreq[39m: {
      "id": 191,
      "method": "GET",
      "url": "/api/projects/2"
    }
    [35mres[39m: {
      "statusCode": 200
    }
    [35mresponseTime[39m: 750
[10:27:20.306] [32mINFO[39m (15152): [36mrequest completed[39m
    [35mreq[39m: {
      "id": 195,
      "method": "GET",
      "url": "/api/payments/project/2"
    }
    [35mres[39m: {
      "statusCode": 200
    }
    [35mresponseTime[39m: 919
[10:27:39.520] [32mINFO[39m (15152): [36mrequest completed[39m
    [35mreq[39m: {
      "id": 196,
      "method": "PATCH",
      "url": "/api/projects/2"
    }
    [35mres[39m: {
      "statusCode": 200
    }
    [35mresponseTime[39m: 1642
[10:27:40.575] [32mINFO[39m (15152): [36mrequest completed[39m
    [35mreq[39m: {
      "id": 197,
      "method": "GET",
      "url": "/api/projects/2"
    }
    [35mres[39m: {
      "statusCode": 200
    }
    [35mresponseTime[39m: 741
[10:27:49.321] [32mINFO[39m (15152): [36mrequest completed[39m
    [35mreq[39m: {
      "id": 198,
      "method": "GET",
      "url": "/api/analytics/summary"
    }
    [35mres[39m: {
      "statusCode": 200
    }
    [35mresponseTime[39m: 646
[10:27:50.170] [32mINFO[39m (15152): [36mrequest completed[39m
    [35mreq[39m: {
      "id": 200,
      "method": "GET",
      "url": "/api/projects"
    }
    [35mres[39m: {
      "statusCode": 304
    }
    [35mresponseTime[39m: 1173
[10:27:50.342] [32mINFO[39m (15152): [36mrequest completed[39m
    [35mreq[39m: {
      "id": 202,
      "method": "GET",
      "url": "/api/projects"
    }
    [35mres[39m: {
      "statusCode": 200
    }
    [35mresponseTime[39m: 1344
[10:27:50.430] [32mINFO[39m (15152): [36mrequest completed[39m
    [35mreq[39m: {
      "id": 201,
      "method": "GET",
      "url": "/api/projects"
    }
    [35mres[39m: {
      "statusCode": 304
    }
    [35mresponseTime[39m: 1433
[10:27:50.528] [32mINFO[39m (15152): [36mrequest completed[39m
    [35mreq[39m: {
      "id": 199,
      "method": "GET",
      "url": "/api/projects"
    }
    [35mres[39m: {
      "statusCode": 200
    }
    [35mresponseTime[39m: 1531
[10:27:54.241] [32mINFO[39m (15152): [36mrequest completed[39m
    [35mreq[39m: {
      "id": 204,
      "method": "GET",
      "url": "/api/projects"
    }
    [35mres[39m: {
      "statusCode": 304
    }
    [35mresponseTime[39m: 381
[10:27:54.246] [32mINFO[39m (15152): [36mrequest completed[39m
    [35mreq[39m: {
      "id": 206,
      "method": "GET",
      "url": "/api/users"
    }
    [35mres[39m: {
      "statusCode": 304
    }
    [35mresponseTime[39m: 385
[10:27:54.334] [32mINFO[39m (15152): [36mrequest completed[39m
    [35mreq[39m: {
      "id": 205,
      "method": "GET",
      "url": "/api/clients"
    }
    [35mres[39m: {
      "statusCode": 304
    }
    [35mresponseTime[39m: 473
[10:27:54.504] [32mINFO[39m (15152): [36mrequest completed[39m
    [35mreq[39m: {
      "id": 203,
      "method": "GET",
      "url": "/api/projects"
    }
    [35mres[39m: {
      "statusCode": 200
    }
    [35mresponseTime[39m: 644
[10:27:54.550] [32mINFO[39m (15152): [36mrequest completed[39m
    [35mreq[39m: {
      "id": 208,
      "method": "GET",
      "url": "/api/workflow-templates"
    }
    [35mres[39m: {
      "statusCode": 304
    }
    [35mresponseTime[39m: 688
[10:27:54.607] [32mINFO[39m (15152): [36mrequest completed[39m
    [35mreq[39m: {
      "id": 207,
      "method": "GET",
      "url": "/api/services"
    }
    [35mres[39m: {
      "statusCode": 304
    }
    [35mresponseTime[39m: 745
[10:28:00.587] [32mINFO[39m (15152): [36mrequest completed[39m
    [35mreq[39m: {
      "id": 209,
      "method": "GET",
      "url": "/api/projects/2/notes"
    }
    [35mres[39m: {
      "statusCode": 304
    }
    [35mresponseTime[39m: 470
[10:28:00.600] [32mINFO[39m (15152): [36mrequest completed[39m
    [35mreq[39m: {
      "id": 211,
      "method": "GET",
      "url": "/api/payments/project/2"
    }
    [35mres[39m: {
      "statusCode": 200
    }
    [35mresponseTime[39m: 479
[10:28:00.602] [32mINFO[39m (15152): [36mrequest completed[39m
    [35mreq[39m: {
      "id": 210,
      "method": "GET",
      "url": "/api/projects/2/milestones"
    }
    [35mres[39m: {
      "statusCode": 304
    }
    [35mresponseTime[39m: 483
[10:28:29.239] [32mINFO[39m (15152): [36mrequest completed[39m
    [35mreq[39m: {
      "id": 212,
      "method": "POST",
      "url": "/api/payments"
    }
    [35mres[39m: {
      "statusCode": 201
    }
    [35mresponseTime[39m: 1659
[10:28:30.110] [32mINFO[39m (15152): [36mrequest completed[39m
    [35mreq[39m: {
      "id": 213,
      "method": "GET",
      "url": "/api/payments/project/2"
    }
    [35mres[39m: {
      "statusCode": 200
    }
    [35mresponseTime[39m: 521
[10:28:30.799] [32mINFO[39m (15152): [36mrequest completed[39m
    [35mreq[39m: {
      "id": 214,
      "method": "GET",
      "url": "/api/projects/2"
    }
    [35mres[39m: {
      "statusCode": 200
    }
    [35mresponseTime[39m: 1208
[10:28:33.818] [32mINFO[39m (15152): [36mrequest completed[39m
    [35mreq[39m: {
      "id": 215,
      "method": "GET",
      "url": "/api/analytics/summary"
    }
    [35mres[39m: {
      "statusCode": 200
    }
    [35mresponseTime[39m: 712
[10:28:34.184] [32mINFO[39m (15152): [36mrequest completed[39m
    [35mreq[39m: {
      "id": 217,
      "method": "GET",
      "url": "/api/projects"
    }
    [35mres[39m: {
      "statusCode": 304
    }
    [35mresponseTime[39m: 757
[10:28:34.530] [32mINFO[39m (15152): [36mrequest completed[39m
    [35mreq[39m: {
      "id": 218,
      "method": "GET",
      "url": "/api/projects"
    }
    [35mres[39m: {
      "statusCode": 304
    }
    [35mresponseTime[39m: 1102
[10:28:34.555] [32mINFO[39m (15152): [36mrequest completed[39m
    [35mreq[39m: {
      "id": 216,
      "method": "GET",
      "url": "/api/projects"
    }
    [35mres[39m: {
      "statusCode": 200
    }
    [35mresponseTime[39m: 1130
[10:28:34.858] [32mINFO[39m (15152): [36mrequest completed[39m
    [35mreq[39m: {
      "id": 219,
      "method": "GET",
      "url": "/api/projects"
    }
    [35mres[39m: {
      "statusCode": 200
    }
    [35mresponseTime[39m: 1431
[10:28:54.410] [32mINFO[39m (15152): [36mrequest completed[39m
    [35mreq[39m: {
      "id": 220,
      "method": "GET",
      "url": "/api/clients"
    }
    [35mres[39m: {
      "statusCode": 304
    }
    [35mresponseTime[39m: 1671
[10:29:16.142] [32mINFO[39m (15152): [36mrequest completed[39m
    [35mreq[39m: {
      "id": 223,
      "method": "GET",
      "url": "/api/users"
    }
    [35mres[39m: {
      "statusCode": 304
    }
    [35mresponseTime[39m: 1197
[10:29:16.198] [32mINFO[39m (15152): [36mrequest completed[39m
    [35mreq[39m: {
      "id": 224,
      "method": "GET",
      "url": "/api/projects/1/milestones"
    }
    [35mres[39m: {
      "statusCode": 304
    }
    [35mresponseTime[39m: 1246
[10:29:16.199] [32mINFO[39m (15152): [36mrequest completed[39m
    [35mreq[39m: {
      "id": 221,
      "method": "GET",
      "url": "/api/projects/1"
    }
    [35mres[39m: {
      "statusCode": 304
    }
    [35mresponseTime[39m: 1594
[10:29:16.277] [32mINFO[39m (15152): [36mrequest completed[39m
    [35mreq[39m: {
      "id": 225,
      "method": "GET",
      "url": "/api/payments/project/1"
    }
    [35mres[39m: {
      "statusCode": 304
    }
    [35mresponseTime[39m: 1324
[10:29:16.525] [32mINFO[39m (15152): [36mrequest completed[39m
    [35mreq[39m: {
      "id": 222,
      "method": "GET",
      "url": "/api/projects/1/notes"
    }
    [35mres[39m: {
      "statusCode": 304
    }
    [35mresponseTime[39m: 1582
[10:29:26.467] [32mINFO[39m (15152): [36mrequest completed[39m
    [35mreq[39m: {
      "id": 227,
      "method": "GET",
      "url": "/api/projects"
    }
    [35mres[39m: {
      "statusCode": 304
    }
    [35mresponseTime[39m: 407
[10:29:27.096] [32mINFO[39m (15152): [36mrequest completed[39m
    [35mreq[39m: {
      "id": 226,
      "method": "GET",
      "url": "/api/projects"
    }
    [35mres[39m: {
      "statusCode": 304
    }
    [35mresponseTime[39m: 1037
[10:29:27.115] [32mINFO[39m (15152): [36mrequest completed[39m
    [35mreq[39m: {
      "id": 231,
      "method": "GET",
      "url": "/api/projects"
    }
    [35mres[39m: {
      "statusCode": 304
    }
    [35mresponseTime[39m: 1036
[10:29:27.167] [32mINFO[39m (15152): [36mrequest completed[39m
    [35mreq[39m: {
      "id": 228,
      "method": "GET",
      "url": "/api/projects"
    }
    [35mres[39m: {
      "statusCode": 200
    }
    [35mresponseTime[39m: 1090
[10:29:27.241] [32mINFO[39m (15152): [36mrequest completed[39m
    [35mreq[39m: {
      "id": 230,
      "method": "GET",
      "url": "/api/projects"
    }
    [35mres[39m: {
      "statusCode": 304
    }
    [35mresponseTime[39m: 1163
[10:29:27.501] [32mINFO[39m (15152): [36mrequest completed[39m
    [35mreq[39m: {
      "id": 229,
      "method": "GET",
      "url": "/api/projects"
    }
    [35mres[39m: {
      "statusCode": 304
    }
    [35mresponseTime[39m: 1424
[10:29:27.714] [32mINFO[39m (15152): [36mrequest completed[39m
    [35mreq[39m: {
      "id": 232,
      "method": "GET",
      "url": "/api/clients"
    }
    [35mres[39m: {
      "statusCode": 304
    }
    [35mresponseTime[39m: 926
[10:29:27.722] [32mINFO[39m (15152): [36mrequest completed[39m
    [35mreq[39m: {
      "id": 234,
      "method": "GET",
      "url": "/api/workflow-templates"
    }
    [35mres[39m: {
      "statusCode": 304
    }
    [35mresponseTime[39m: 288
[10:29:27.777] [32mINFO[39m (15152): [36mrequest completed[39m
    [35mreq[39m: {
      "id": 233,
      "method": "GET",
      "url": "/api/services"
    }
    [35mres[39m: {
      "statusCode": 304
    }
    [35mresponseTime[39m: 360
[10:29:40.745] [32mINFO[39m (15152): [36mrequest completed[39m
    [35mreq[39m: {
      "id": 235,
      "method": "GET",
      "url": "/api/analytics/summary"
    }
    [35mres[39m: {
      "statusCode": 304
    }
    [35mresponseTime[39m: 1589
[10:30:55.515] [32mINFO[39m (15152): [36mrequest completed[39m
    [35mreq[39m: {
      "id": 236,
      "method": "GET",
      "url": "/api/auth/me"
    }
    [35mres[39m: {
      "statusCode": 304
    }
    [35mresponseTime[39m: 1167
[10:30:55.670] [32mINFO[39m (15152): [36mrequest completed[39m
    [35mreq[39m: {
      "id": 238,
      "method": "GET",
      "url": "/api/projects"
    }
    [35mres[39m: {
      "statusCode": 304
    }
    [35mresponseTime[39m: 1298
[10:30:55.844] [32mINFO[39m (15152): [36mrequest completed[39m
    [35mreq[39m: {
      "id": 237,
      "method": "GET",
      "url": "/api/projects"
    }
    [35mres[39m: {
      "statusCode": 304
    }
    [35mresponseTime[39m: 1495
[10:30:55.919] [32mINFO[39m (15152): [36mrequest completed[39m
    [35mreq[39m: {
      "id": 241,
      "method": "GET",
      "url": "/api/analytics/summary"
    }
    [35mres[39m: {
      "statusCode": 304
    }
    [35mresponseTime[39m: 1545
[10:30:55.920] [32mINFO[39m (15152): [36mrequest completed[39m
    [35mreq[39m: {
      "id": 239,
      "method": "GET",
      "url": "/api/projects"
    }
    [35mres[39m: {
      "statusCode": 304
    }
    [35mresponseTime[39m: 1547
[10:30:56.279] [32mINFO[39m (15152): [36mrequest completed[39m
    [35mreq[39m: {
      "id": 240,
      "method": "GET",
      "url": "/api/projects"
    }
    [35mres[39m: {
      "statusCode": 304
    }
    [35mresponseTime[39m: 1906
[10:31:03.550] [32mINFO[39m (15152): [36mrequest completed[39m
    [35mreq[39m: {
      "id": 244,
      "method": "GET",
      "url": "/api/users"
    }
    [35mres[39m: {
      "statusCode": 304
    }
    [35mresponseTime[39m: 401
[10:31:03.600] [32mINFO[39m (15152): [36mrequest completed[39m
    [35mreq[39m: {
      "id": 243,
      "method": "GET",
      "url": "/api/projects/1/notes"
    }
    [35mres[39m: {
      "statusCode": 304
    }
    [35mresponseTime[39m: 452
[10:31:03.626] [32mINFO[39m (15152): [36mrequest completed[39m
    [35mreq[39m: {
      "id": 245,
      "method": "GET",
      "url": "/api/projects/1/milestones"
    }
    [35mres[39m: {
      "statusCode": 304
    }
    [35mresponseTime[39m: 476
[10:31:03.633] [32mINFO[39m (15152): [36mrequest completed[39m
    [35mreq[39m: {
      "id": 246,
      "method": "GET",
      "url": "/api/payments/project/1"
    }
    [35mres[39m: {
      "statusCode": 304
    }
    [35mresponseTime[39m: 481
[10:31:03.959] [32mINFO[39m (15152): [36mrequest completed[39m
    [35mreq[39m: {
      "id": 242,
      "method": "GET",
      "url": "/api/projects/1"
    }
    [35mres[39m: {
      "statusCode": 304
    }
    [35mresponseTime[39m: 813
[10:32:40.166] [32mINFO[39m (15152): [36mrequest completed[39m
    [35mreq[39m: {
      "id": 247,
      "method": "GET",
      "url": "/api/auth/me"
    }
    [35mres[39m: {
      "statusCode": 304
    }
    [35mresponseTime[39m: 1187
[10:32:40.260] [32mINFO[39m (15152): [36mrequest completed[39m
    [35mreq[39m: {
      "id": 250,
      "method": "GET",
      "url": "/api/projects/1/notes"
    }
    [35mres[39m: {
      "statusCode": 304
    }
    [35mresponseTime[39m: 1278
[10:32:40.269] [32mINFO[39m (15152): [36mrequest completed[39m
    [35mreq[39m: {
      "id": 248,
      "method": "GET",
      "url": "/api/users"
    }
    [35mres[39m: {
      "statusCode": 304
    }
    [35mresponseTime[39m: 1290
[10:32:40.328] [32mINFO[39m (15152): [36mrequest completed[39m
    [35mreq[39m: {
      "id": 252,
      "method": "GET",
      "url": "/api/payments/project/1"
    }
    [35mres[39m: {
      "statusCode": 304
    }
    [35mresponseTime[39m: 1345
[10:32:40.351] [32mINFO[39m (15152): [36mrequest completed[39m
    [35mreq[39m: {
      "id": 251,
      "method": "GET",
      "url": "/api/projects/1/milestones"
    }
    [35mres[39m: {
      "statusCode": 304
    }
    [35mresponseTime[39m: 1369
[10:32:40.381] [32mINFO[39m (15152): [36mrequest aborted[39m
    [35mreq[39m: {
      "id": 249,
      "method": "GET",
      "url": "/api/projects/1"
    }
    [35mres[39m: {
      "statusCode": null
    }
    [35mresponseTime[39m: 1401
[10:32:41.067] [32mINFO[39m (15152): [36mrequest completed[39m
    [35mreq[39m: {
      "id": 255,
      "method": "GET",
      "url": "/api/projects"
    }
    [35mres[39m: {
      "statusCode": 304
    }
    [35mresponseTime[39m: 378
[10:32:41.333] [32mINFO[39m (15152): [36mrequest completed[39m
    [35mreq[39m: {
      "id": 257,
      "method": "GET",
      "url": "/api/projects"
    }
    [35mres[39m: {
      "statusCode": 304
    }
    [35mresponseTime[39m: 642
[10:32:41.356] [32mINFO[39m (15152): [36mrequest completed[39m
    [35mreq[39m: {
      "id": 254,
      "method": "GET",
      "url": "/api/projects"
    }
    [35mres[39m: {
      "statusCode": 304
    }
    [35mresponseTime[39m: 668
[10:32:41.383] [32mINFO[39m (15152): [36mrequest completed[39m
    [35mreq[39m: {
      "id": 256,
      "method": "GET",
      "url": "/api/projects"
    }
    [35mres[39m: {
      "statusCode": 304
    }
    [35mresponseTime[39m: 693
[10:32:41.385] [32mINFO[39m (15152): [36mrequest completed[39m
    [35mreq[39m: {
      "id": 253,
      "method": "GET",
      "url": "/api/analytics/summary"
    }
    [35mres[39m: {
      "statusCode": 304
    }
    [35mresponseTime[39m: 697
[10:34:04.103] [32mINFO[39m (15152): [36mrequest completed[39m
    [35mreq[39m: {
      "id": 260,
      "method": "GET",
      "url": "/api/projects"
    }
    [35mres[39m: {
      "statusCode": 304
    }
    [35mresponseTime[39m: 1207
[10:34:04.460] [32mINFO[39m (15152): [36mrequest completed[39m
    [35mreq[39m: {
      "id": 258,
      "method": "GET",
      "url": "/api/analytics/summary"
    }
    [35mres[39m: {
      "statusCode": 304
    }
    [35mresponseTime[39m: 1567
[10:34:04.507] [32mINFO[39m (15152): [36mrequest completed[39m
    [35mreq[39m: {
      "id": 259,
      "method": "GET",
      "url": "/api/projects"
    }
    [35mres[39m: {
      "statusCode": 304
    }
    [35mresponseTime[39m: 1613
[10:34:04.587] [32mINFO[39m (15152): [36mrequest completed[39m
    [35mreq[39m: {
      "id": 261,
      "method": "GET",
      "url": "/api/projects"
    }
    [35mres[39m: {
      "statusCode": 304
    }
    [35mresponseTime[39m: 1379
[10:34:05.122] [32mINFO[39m (15152): [36mrequest completed[39m
    [35mreq[39m: {
      "id": 262,
      "method": "GET",
      "url": "/api/projects"
    }
    [35mres[39m: {
      "statusCode": 304
    }
    [35mresponseTime[39m: 1913
[10:34:06.858] [32mINFO[39m (15152): [36mrequest completed[39m
    [35mreq[39m: {
      "id": 263,
      "method": "GET",
      "url": "/api/auth/me"
    }
    [35mres[39m: {
      "statusCode": 304
    }
    [35mresponseTime[39m: 298
