
> @workspace/studio-crm@0.0.0 dev D:\Creative-Hub\artifacts\studio-crm
> vite --config vite.config.ts --host 0.0.0.0


  [32m[1mVITE[22m v7.3.5[39m  [2mready in [0m[1m1465[22m[2m[0m ms[22m

  [32m➜[39m  [1mLocal[22m:   [36mhttp://localhost:[1m3000[22m/[39m
  [32m➜[39m  [1mNetwork[22m: [36mhttp://192.168.1.5:[1m3000[22m/[39m
[2m2:41:43 PM[22m [36m[1m[vite][22m[39m [90m[2m(client)[22m[39m [32mhmr update [39m[2m/src/pages/project-detail.tsx, /src/index.css[22m
[2m2:41:43 PM[22m [36m[1m[vite][22m[39m [90m[2m(client)[22m[39m [32mhmr update [39m[2m/src/pages/project-detail.tsx, /src/index.css[22m
[2m2:41:46 PM[22m [36m[1m[vite][22m[39m [90m[2m(client)[22m[39m [32mhmr update [39m[2m/src/pages/project-detail.tsx, /src/index.css[22m
[2m2:41:49 PM[22m [36m[1m[vite][22m[39m [90m[2m(client)[22m[39m [32mhmr update [39m[2m/src/pages/project-detail.tsx, /src/index.css[22m
[2m2:41:58 PM[22m [36m[1m[vite][22m[39m [90m[2m(client)[22m[39m [32mhmr update [39m[2m/src/pages/project-detail.tsx, /src/index.css[22m
[2m2:42:06 PM[22m [36m[1m[vite][22m[39m [90m[2m(client)[22m[39m [32mhmr update [39m[2m/src/pages/project-detail.tsx, /src/index.css[22m
[2m2:42:16 PM[22m [36m[1m[vite][22m[39m [90m[2m(client)[22m[39m [32mhmr update [39m[2m/src/pages/project-detail.tsx, /src/index.css[22m
[2m2:43:12 PM[22m [36m[1m[vite][22m[39m [90m[2m(client)[22m[39m [32mhmr update [39m[2m/src/lib/i18n.tsx, /src/index.css[22m
[2m2:43:13 PM[22m [36m[1m[vite][22m[39m [90m[2m(client)[22m[39m [33mhmr invalidate [39m[2m/src/lib/i18n.tsx[22m Could not Fast Refresh ("useLanguage" export is incompatible). Learn more at https://github.com/vitejs/vite-plugin-react/tree/main/packages/plugin-react#consistent-components-exports
[2m2:43:13 PM[22m [36m[1m[vite][22m[39m [90m[2m(client)[22m[39m [32mhmr update [39m[2m/src/App.tsx, /src/pages/login.tsx, /src/pages/clients.tsx, /src/pages/accounting.tsx, /src/pages/services.tsx, /src/pages/leads.tsx, /src/pages/client-detail.tsx, /src/pages/dashboard.tsx, /src/pages/creative-detail.tsx, /src/pages/settings.tsx, /src/pages/client-portal.tsx, /src/components/layout.tsx, /src/pages/project-detail.tsx, /src/pages/projects.tsx, /src/pages/photographers.tsx[22m
[2m2:43:15 PM[22m [36m[1m[vite][22m[39m [90m[2m(client)[22m[39m [32mhmr update [39m[2m/src/lib/i18n.tsx, /src/index.css[22m
[2m2:43:19 PM[22m [36m[1m[vite][22m[39m [90m[2m(client)[22m[39m [32mhmr update [39m[2m/src/lib/i18n.tsx, /src/index.css[22m
[2m2:43:20 PM[22m [36m[1m[vite][22m[39m [90m[2m(client)[22m[39m [33mhmr invalidate [39m[2m/src/lib/i18n.tsx[22m Could not Fast Refresh ("useLanguage" export is incompatible). Learn more at https://github.com/vitejs/vite-plugin-react/tree/main/packages/plugin-react#consistent-components-exports
[2m2:43:20 PM[22m [36m[1m[vite][22m[39m [90m[2m(client)[22m[39m [32mhmr update [39m[2m/src/App.tsx, /src/pages/login.tsx, /src/pages/clients.tsx, /src/pages/accounting.tsx, /src/pages/services.tsx, /src/pages/leads.tsx, /src/pages/client-detail.tsx, /src/pages/dashboard.tsx, /src/pages/creative-detail.tsx, /src/pages/settings.tsx, /src/pages/client-portal.tsx, /src/components/layout.tsx, /src/pages/project-detail.tsx, /src/pages/projects.tsx, /src/pages/photographers.tsx[22m
[2m2:44:46 PM[22m [36m[1m[vite][22m[39m [90m[2m(client)[22m[39m [32mhmr update [39m[2m/src/pages/project-detail.tsx, /src/index.css[22m
[2m2:44:46 PM[22m [36m[1m[vite][22m[39m [90m[2m(client)[22m[39m [32mhmr update [39m[2m/src/pages/project-detail.tsx, /src/index.css[22m
[2m3:03:03 PM[22m [36m[1m[vite][22m[39m [90m[2m(client)[22m[39m [32mhmr update [39m[2m/src/lib/auth.tsx, /src/pages/clients.tsx, /src/pages/accounting.tsx, /src/pages/services.tsx, /src/pages/leads.tsx, /src/pages/client-detail.tsx, /src/pages/dashboard.tsx, /src/pages/creative-detail.tsx, /src/pages/settings.tsx, /src/pages/client-portal.tsx, /src/pages/workflow-templates.tsx, /src/pages/project-detail.tsx, /src/pages/projects.tsx, /src/pages/photographers.tsx[22m
[2m3:03:03 PM[22m [36m[1m[vite][22m[39m [90m[2m(client)[22m[39m [32mhmr update [39m[2m/src/lib/auth.tsx, /src/pages/clients.tsx, /src/pages/accounting.tsx, /src/pages/services.tsx, /src/pages/leads.tsx, /src/pages/client-detail.tsx, /src/pages/dashboard.tsx, /src/pages/creative-detail.tsx, /src/pages/settings.tsx, /src/pages/client-portal.tsx, /src/pages/workflow-templates.tsx, /src/pages/project-detail.tsx, /src/pages/projects.tsx, /src/pages/photographers.tsx[22m
[2m3:03:07 PM[22m [36m[1m[vite][22m[39m [90m[2m(client)[22m[39m [32mhmr update [39m[2m/src/lib/auth.tsx, /src/pages/clients.tsx, /src/pages/accounting.tsx, /src/pages/services.tsx, /src/pages/leads.tsx, /src/pages/client-detail.tsx, /src/pages/dashboard.tsx, /src/pages/creative-detail.tsx, /src/pages/settings.tsx, /src/pages/client-portal.tsx, /src/pages/workflow-templates.tsx, /src/pages/project-detail.tsx, /src/pages/projects.tsx, /src/pages/photographers.tsx[22m
[2m3:03:07 PM[22m [36m[1m[vite][22m[39m [90m[2m(client)[22m[39m [32mhmr update [39m[2m/src/lib/auth.tsx, /src/pages/clients.tsx, /src/pages/accounting.tsx, /src/pages/services.tsx, /src/pages/leads.tsx, /src/pages/client-detail.tsx, /src/pages/dashboard.tsx, /src/pages/creative-detail.tsx, /src/pages/settings.tsx, /src/pages/client-portal.tsx, /src/pages/workflow-templates.tsx, /src/pages/project-detail.tsx, /src/pages/projects.tsx, /src/pages/photographers.tsx[22m
[2m3:04:45 PM[22m [36m[1m[vite][22m[39m [90m[2m(client)[22m[39m [32mhmr update [39m[2m/src/pages/leads.tsx, /src/index.css[22m
[2m3:05:14 PM[22m [36m[1m[vite][22m[39m [90m[2m(client)[22m[39m [32mhmr update [39m[2m/src/pages/leads.tsx, /src/index.css[22m
[2m3:05:25 PM[22m [36m[1m[vite][22m[39m [90m[2m(client)[22m[39m [32mhmr update [39m[2m/src/pages/leads.tsx, /src/index.css[22m
[2m3:05:42 PM[22m [36m[1m[vite][22m[39m [90m[2m(client)[22m[39m [32mhmr update [39m[2m/src/lib/i18n.tsx, /src/index.css[22m
[2m3:05:47 PM[22m [36m[1m[vite][22m[39m [90m[2m(client)[22m[39m [32mhmr update [39m[2m/src/lib/i18n.tsx, /src/index.css[22m
[2m3:06:01 PM[22m [36m[1m[vite][22m[39m [90m[2m(client)[22m[39m [32mhmr update [39m[2m/src/lib/i18n.tsx, /src/index.css[22m
[2m3:06:14 PM[22m [36m[1m[vite][22m[39m [90m[2m(client)[22m[39m [32mhmr update [39m[2m/src/lib/i18n.tsx, /src/index.css[22m
[2m3:06:22 PM[22m [36m[1m[vite][22m[39m [90m[2m(client)[22m[39m [33mhmr invalidate [39m[2m/src/lib/auth.tsx[22m Could not Fast Refresh ("useAuth" export is incompatible). Learn more at https://github.com/vitejs/vite-plugin-react/tree/main/packages/plugin-react#consistent-components-exports
[2m3:06:22 PM[22m [36m[1m[vite][22m[39m [90m[2m(client)[22m[39m [32mhmr update [39m[2m/src/App.tsx, /src/pages/login.tsx, /src/pages/clients.tsx, /src/pages/services.tsx, /src/pages/client-detail.tsx, /src/pages/dashboard.tsx, /src/pages/client-portal.tsx, /src/components/layout.tsx, /src/pages/client-accounts.tsx, /src/pages/project-detail.tsx, /src/pages/projects.tsx[22m
[2m3:06:25 PM[22m [36m[1m[vite][22m[39m [90m[2m(client)[22m[39m [33mhmr invalidate [39m[2m/src/lib/i18n.tsx[22m Could not Fast Refresh ("useLanguage" export is incompatible). Learn more at https://github.com/vitejs/vite-plugin-react/tree/main/packages/plugin-react#consistent-components-exports
[2m3:06:25 PM[22m [36m[1m[vite][22m[39m [90m[2m(client)[22m[39m [32mhmr update [39m[2m/src/App.tsx, /src/pages/login.tsx, /src/pages/clients.tsx, /src/pages/accounting.tsx, /src/pages/services.tsx, /src/pages/leads.tsx, /src/pages/client-detail.tsx, /src/pages/dashboard.tsx, /src/pages/creative-detail.tsx, /src/pages/settings.tsx, /src/pages/client-portal.tsx, /src/components/layout.tsx, /src/pages/project-detail.tsx, /src/pages/projects.tsx, /src/pages/photographers.tsx[22m
[2m3:06:31 PM[22m [36m[1m[vite][22m[39m [90m[2m(client)[22m[39m [32mhmr update [39m[2m/src/lib/i18n.tsx, /src/index.css[22m
[2m3:06:55 PM[22m [36m[1m[vite][22m[39m [90m[2m(client)[22m[39m [32mhmr update [39m[2m/src/lib/i18n.tsx, /src/index.css[22m
[2m3:06:56 PM[22m [36m[1m[vite][22m[39m [90m[2m(client)[22m[39m [33mhmr invalidate [39m[2m/src/lib/i18n.tsx[22m Could not Fast Refresh ("useLanguage" export is incompatible). Learn more at https://github.com/vitejs/vite-plugin-react/tree/main/packages/plugin-react#consistent-components-exports
[2m3:06:56 PM[22m [36m[1m[vite][22m[39m [90m[2m(client)[22m[39m [32mhmr update [39m[2m/src/App.tsx, /src/pages/login.tsx, /src/pages/clients.tsx, /src/pages/accounting.tsx, /src/pages/services.tsx, /src/pages/leads.tsx, /src/pages/client-detail.tsx, /src/pages/dashboard.tsx, /src/pages/creative-detail.tsx, /src/pages/settings.tsx, /src/pages/client-portal.tsx, /src/components/layout.tsx, /src/pages/project-detail.tsx, /src/pages/projects.tsx, /src/pages/photographers.tsx[22m
[2m3:26:17 PM[22m [36m[1m[vite][22m[39m [90m[2m(client)[22m[39m [32mhmr update [39m[2m/src/pages/leads.tsx, /src/index.css[22m
[2m3:26:17 PM[22m [36m[1m[vite][22m[39m [90m[2m(client)[22m[39m [32mhmr update [39m[2m/src/pages/leads.tsx, /src/index.css[22m
[2m3:26:22 PM[22m [36m[1m[vite][22m[39m [90m[2m(client)[22m[39m [32mhmr update [39m[2m/src/pages/leads.tsx, /src/index.css[22m
[2m3:26:27 PM[22m [36m[1m[vite][22m[39m [90m[2m(client)[22m[39m [32mhmr update [39m[2m/src/pages/dashboard.tsx, /src/index.css[22m
[2m3:26:33 PM[22m [36m[1m[vite][22m[39m [90m[2m(client)[22m[39m [32mhmr update [39m[2m/src/pages/dashboard.tsx, /src/index.css[22m
[2m3:26:48 PM[22m [36m[1m[vite][22m[39m [90m[2m(client)[22m[39m [32mhmr update [39m[2m/src/pages/dashboard.tsx, /src/index.css[22m
[2m3:27:27 PM[22m [36m[1m[vite][22m[39m [90m[2m(client)[22m[39m [32mhmr update [39m[2m/src/lib/i18n.tsx, /src/index.css[22m
[2m3:27:28 PM[22m [36m[1m[vite][22m[39m [90m[2m(client)[22m[39m [33mhmr invalidate [39m[2m/src/lib/i18n.tsx[22m Could not Fast Refresh ("useLanguage" export is incompatible). Learn more at https://github.com/vitejs/vite-plugin-react/tree/main/packages/plugin-react#consistent-components-exports
[2m3:27:28 PM[22m [36m[1m[vite][22m[39m [90m[2m(client)[22m[39m [32mhmr update [39m[2m/src/App.tsx, /src/pages/login.tsx, /src/pages/clients.tsx, /src/pages/accounting.tsx, /src/pages/services.tsx, /src/pages/leads.tsx, /src/pages/client-detail.tsx, /src/pages/dashboard.tsx, /src/pages/creative-detail.tsx, /src/pages/settings.tsx, /src/pages/client-portal.tsx, /src/components/layout.tsx, /src/pages/project-detail.tsx, /src/pages/projects.tsx, /src/pages/photographers.tsx[22m
[2m3:27:42 PM[22m [36m[1m[vite][22m[39m [90m[2m(client)[22m[39m [32mhmr update [39m[2m/src/lib/i18n.tsx, /src/index.css[22m
[2m3:27:44 PM[22m [36m[1m[vite][22m[39m [90m[2m(client)[22m[39m [33mhmr invalidate [39m[2m/src/lib/i18n.tsx[22m Could not Fast Refresh ("useLanguage" export is incompatible). Learn more at https://github.com/vitejs/vite-plugin-react/tree/main/packages/plugin-react#consistent-components-exports
[2m3:27:44 PM[22m [36m[1m[vite][22m[39m [90m[2m(client)[22m[39m [32mhmr update [39m[2m/src/App.tsx, /src/pages/login.tsx, /src/pages/clients.tsx, /src/pages/accounting.tsx, /src/pages/services.tsx, /src/pages/leads.tsx, /src/pages/client-detail.tsx, /src/pages/dashboard.tsx, /src/pages/creative-detail.tsx, /src/pages/settings.tsx, /src/pages/client-portal.tsx, /src/components/layout.tsx, /src/pages/project-detail.tsx, /src/pages/projects.tsx, /src/pages/photographers.tsx[22m
[2m3:28:01 PM[22m [36m[1m[vite][22m[39m [90m[2m(client)[22m[39m [32mhmr update [39m[2m/src/lib/i18n.tsx, /src/index.css[22m
[2m3:28:02 PM[22m [36m[1m[vite][22m[39m [90m[2m(client)[22m[39m [33mhmr invalidate [39m[2m/src/lib/i18n.tsx[22m Could not Fast Refresh ("useLanguage" export is incompatible). Learn more at https://github.com/vitejs/vite-plugin-react/tree/main/packages/plugin-react#consistent-components-exports
[2m3:28:02 PM[22m [36m[1m[vite][22m[39m [90m[2m(client)[22m[39m [32mhmr update [39m[2m/src/App.tsx, /src/pages/login.tsx, /src/pages/clients.tsx, /src/pages/accounting.tsx, /src/pages/services.tsx, /src/pages/leads.tsx, /src/pages/client-detail.tsx, /src/pages/dashboard.tsx, /src/pages/creative-detail.tsx, /src/pages/settings.tsx, /src/pages/client-portal.tsx, /src/components/layout.tsx, /src/pages/project-detail.tsx, /src/pages/projects.tsx, /src/pages/photographers.tsx[22m
[2m3:34:34 PM[22m [36m[1m[vite][22m[39m [90m[2m(client)[22m[39m [32mhmr update [39m[2m/src/pages/leads.tsx, /src/index.css[22m
[2m3:34:49 PM[22m [36m[1m[vite][22m[39m [90m[2m(client)[22m[39m [32mhmr update [39m[2m/src/pages/leads.tsx, /src/index.css[22m
[2m3:35:01 PM[22m [36m[1m[vite][22m[39m [90m[2m(client)[22m[39m [32mhmr update [39m[2m/src/lib/i18n.tsx, /src/index.css[22m
[2m3:35:10 PM[22m [36m[1m[vite][22m[39m [90m[2m(client)[22m[39m [32mhmr update [39m[2m/src/lib/i18n.tsx, /src/index.css[22m
[2m3:35:24 PM[22m [36m[1m[vite][22m[39m [90m[2m(client)[22m[39m [32mhmr update [39m[2m/src/lib/i18n.tsx, /src/index.css[22m
[2m3:36:20 PM[22m [36m[1m[vite][22m[39m [90m[2m(client)[22m[39m [32mhmr update [39m[2m/src/pages/leads.tsx, /src/index.css[22m
[2m3:36:46 PM[22m [36m[1m[vite][22m[39m [90m[2m(client)[22m[39m [32mhmr update [39m[2m/src/pages/leads.tsx, /src/index.css[22m
[2m3:42:51 PM[22m [36m[1m[vite][22m[39m [90m[2m(client)[22m[39m [32mhmr update [39m[2m/src/lib/auth.tsx, /src/pages/clients.tsx, /src/pages/accounting.tsx, /src/pages/services.tsx, /src/pages/leads.tsx, /src/pages/client-detail.tsx, /src/pages/dashboard.tsx, /src/pages/creative-detail.tsx, /src/pages/settings.tsx, /src/pages/client-portal.tsx, /src/pages/workflow-templates.tsx, /src/pages/project-detail.tsx, /src/pages/projects.tsx, /src/pages/photographers.tsx[22m
[2m3:42:51 PM[22m [36m[1m[vite][22m[39m [90m[2m(client)[22m[39m [32mhmr update [39m[2m/src/lib/auth.tsx, /src/pages/clients.tsx, /src/pages/accounting.tsx, /src/pages/services.tsx, /src/pages/leads.tsx, /src/pages/client-detail.tsx, /src/pages/dashboard.tsx, /src/pages/creative-detail.tsx, /src/pages/settings.tsx, /src/pages/client-portal.tsx, /src/pages/workflow-templates.tsx, /src/pages/project-detail.tsx, /src/pages/projects.tsx, /src/pages/photographers.tsx[22m
[2m3:42:54 PM[22m [36m[1m[vite][22m[39m [90m[2m(client)[22m[39m [32mhmr update [39m[2m/src/lib/auth.tsx, /src/pages/clients.tsx, /src/pages/accounting.tsx, /src/pages/services.tsx, /src/pages/leads.tsx, /src/pages/client-detail.tsx, /src/pages/dashboard.tsx, /src/pages/creative-detail.tsx, /src/pages/settings.tsx, /src/pages/client-portal.tsx, /src/pages/workflow-templates.tsx, /src/pages/project-detail.tsx, /src/pages/projects.tsx, /src/pages/photographers.tsx[22m
[2m3:42:54 PM[22m [36m[1m[vite][22m[39m [90m[2m(client)[22m[39m [32mhmr update [39m[2m/src/lib/auth.tsx, /src/pages/clients.tsx, /src/pages/accounting.tsx, /src/pages/services.tsx, /src/pages/leads.tsx, /src/pages/client-detail.tsx, /src/pages/dashboard.tsx, /src/pages/creative-detail.tsx, /src/pages/settings.tsx, /src/pages/client-portal.tsx, /src/pages/workflow-templates.tsx, /src/pages/project-detail.tsx, /src/pages/projects.tsx, /src/pages/photographers.tsx[22m
[2m3:42:55 PM[22m [36m[1m[vite][22m[39m [90m[2m(client)[22m[39m [33mhmr invalidate [39m[2m/src/lib/auth.tsx[22m Could not Fast Refresh ("useAuth" export is incompatible). Learn more at https://github.com/vitejs/vite-plugin-react/tree/main/packages/plugin-react#consistent-components-exports
[2m3:42:55 PM[22m [36m[1m[vite][22m[39m [90m[2m(client)[22m[39m [32mhmr update [39m[2m/src/App.tsx, /src/pages/login.tsx, /src/pages/clients.tsx, /src/pages/services.tsx, /src/pages/client-detail.tsx, /src/pages/dashboard.tsx, /src/pages/client-portal.tsx, /src/components/layout.tsx, /src/pages/client-accounts.tsx, /src/pages/project-detail.tsx, /src/pages/projects.tsx[22m
[2m3:43:36 PM[22m [36m[1m[vite][22m[39m [90m[2m(client)[22m[39m [32mhmr update [39m[2m/src/lib/i18n.tsx, /src/index.css[22m
[2m3:43:37 PM[22m [36m[1m[vite][22m[39m [90m[2m(client)[22m[39m [33mhmr invalidate [39m[2m/src/lib/i18n.tsx[22m Could not Fast Refresh ("useLanguage" export is incompatible). Learn more at https://github.com/vitejs/vite-plugin-react/tree/main/packages/plugin-react#consistent-components-exports
[2m3:43:37 PM[22m [36m[1m[vite][22m[39m [90m[2m(client)[22m[39m [32mhmr update [39m[2m/src/App.tsx, /src/pages/login.tsx, /src/pages/clients.tsx, /src/pages/accounting.tsx, /src/pages/services.tsx, /src/pages/leads.tsx, /src/pages/client-detail.tsx, /src/pages/dashboard.tsx, /src/pages/creative-detail.tsx, /src/pages/settings.tsx, /src/pages/client-portal.tsx, /src/components/layout.tsx, /src/pages/project-detail.tsx, /src/pages/projects.tsx, /src/pages/photographers.tsx[22m
[2m3:43:41 PM[22m [36m[1m[vite][22m[39m [90m[2m(client)[22m[39m [32mhmr update [39m[2m/src/lib/i18n.tsx, /src/index.css[22m
[2m3:43:46 PM[22m [36m[1m[vite][22m[39m [90m[2m(client)[22m[39m [32mhmr update [39m[2m/src/lib/i18n.tsx, /src/index.css[22m
[2m3:43:53 PM[22m [36m[1m[vite][22m[39m [90m[2m(client)[22m[39m [32mhmr update [39m[2m/src/pages/accounting.tsx, /src/index.css[22m
[2m3:43:59 PM[22m [36m[1m[vite][22m[39m [90m[2m(client)[22m[39m [32mhmr update [39m[2m/src/pages/accounting.tsx, /src/index.css[22m
[2m3:44:03 PM[22m [36m[1m[vite][22m[39m [90m[2m(client)[22m[39m [32mhmr update [39m[2m/src/pages/accounting.tsx, /src/index.css[22m
[2m3:44:08 PM[22m [36m[1m[vite][22m[39m [90m[2m(client)[22m[39m [32mhmr update [39m[2m/src/pages/accounting.tsx, /src/index.css[22m
[2m3:44:08 PM[22m [36m[1m[vite][22m[39m [90m[2m(client)[22m[39m [32mhmr update [39m[2m/src/pages/accounting.tsx, /src/index.css[22m
[2m3:44:13 PM[22m [36m[1m[vite][22m[39m [90m[2m(client)[22m[39m [32mhmr update [39m[2m/src/pages/accounting.tsx, /src/index.css[22m
[2m3:44:18 PM[22m [36m[1m[vite][22m[39m [90m[2m(client)[22m[39m [32mhmr update [39m[2m/src/pages/accounting.tsx, /src/index.css[22m
[2m3:44:39 PM[22m [36m[1m[vite][22m[39m [90m[2m(client)[22m[39m [32mhmr update [39m[2m/src/pages/accounting.tsx, /src/index.css[22m
[2m3:44:49 PM[22m [36m[1m[vite][22m[39m [90m[2m(client)[22m[39m [32mhmr update [39m[2m/src/lib/i18n.tsx, /src/index.css[22m
[2m3:44:50 PM[22m [36m[1m[vite][22m[39m [90m[2m(client)[22m[39m [33mhmr invalidate [39m[2m/src/lib/i18n.tsx[22m Could not Fast Refresh ("useLanguage" export is incompatible). Learn more at https://github.com/vitejs/vite-plugin-react/tree/main/packages/plugin-react#consistent-components-exports
[2m3:44:50 PM[22m [36m[1m[vite][22m[39m [90m[2m(client)[22m[39m [32mhmr update [39m[2m/src/App.tsx, /src/pages/login.tsx, /src/pages/clients.tsx, /src/pages/accounting.tsx, /src/pages/services.tsx, /src/pages/leads.tsx, /src/pages/client-detail.tsx, /src/pages/dashboard.tsx, /src/pages/creative-detail.tsx, /src/pages/settings.tsx, /src/pages/client-portal.tsx, /src/components/layout.tsx, /src/pages/project-detail.tsx, /src/pages/projects.tsx, /src/pages/photographers.tsx[22m
[2m3:44:53 PM[22m [36m[1m[vite][22m[39m [90m[2m(client)[22m[39m [32mhmr update [39m[2m/src/lib/i18n.tsx, /src/index.css[22m
[2m3:44:53 PM[22m [36m[1m[vite][22m[39m [90m[2m(client)[22m[39m [33mhmr invalidate [39m[2m/src/lib/i18n.tsx[22m Could not Fast Refresh ("useLanguage" export is incompatible). Learn more at https://github.com/vitejs/vite-plugin-react/tree/main/packages/plugin-react#consistent-components-exports
[2m3:44:53 PM[22m [36m[1m[vite][22m[39m [90m[2m(client)[22m[39m [32mhmr update [39m[2m/src/App.tsx, /src/pages/login.tsx, /src/pages/clients.tsx, /src/pages/accounting.tsx, /src/pages/services.tsx, /src/pages/leads.tsx, /src/pages/client-detail.tsx, /src/pages/dashboard.tsx, /src/pages/creative-detail.tsx, /src/pages/settings.tsx, /src/pages/client-portal.tsx, /src/components/layout.tsx, /src/pages/project-detail.tsx, /src/pages/projects.tsx, /src/pages/photographers.tsx[22m
[2m3:44:56 PM[22m [36m[1m[vite][22m[39m [90m[2m(client)[22m[39m [32mhmr update [39m[2m/src/lib/i18n.tsx, /src/index.css[22m
[2m3:44:56 PM[22m [36m[1m[vite][22m[39m [90m[2m(client)[22m[39m [33mhmr invalidate [39m[2m/src/lib/i18n.tsx[22m Could not Fast Refresh ("useLanguage" export is incompatible). Learn more at https://github.com/vitejs/vite-plugin-react/tree/main/packages/plugin-react#consistent-components-exports
[2m3:44:56 PM[22m [36m[1m[vite][22m[39m [90m[2m(client)[22m[39m [32mhmr update [39m[2m/src/App.tsx, /src/pages/login.tsx, /src/pages/clients.tsx, /src/pages/accounting.tsx, /src/pages/services.tsx, /src/pages/leads.tsx, /src/pages/client-detail.tsx, /src/pages/dashboard.tsx, /src/pages/creative-detail.tsx, /src/pages/settings.tsx, /src/pages/client-portal.tsx, /src/components/layout.tsx, /src/pages/project-detail.tsx, /src/pages/projects.tsx, /src/pages/photographers.tsx[22m
[2m3:49:18 PM[22m [36m[1m[vite][22m[39m [90m[2m(client)[22m[39m [32mhmr update [39m[2m/src/lib/i18n.tsx, /src/index.css[22m
[2m3:49:18 PM[22m [36m[1m[vite][22m[39m [90m[2m(client)[22m[39m [32mhmr update [39m[2m/src/lib/i18n.tsx, /src/index.css[22m
[2m3:49:19 PM[22m [36m[1m[vite][22m[39m [90m[2m(client)[22m[39m [33mhmr invalidate [39m[2m/src/lib/i18n.tsx[22m Could not Fast Refresh ("useLanguage" export is incompatible). Learn more at https://github.com/vitejs/vite-plugin-react/tree/main/packages/plugin-react#consistent-components-exports
[2m3:49:19 PM[22m [36m[1m[vite][22m[39m [90m[2m(client)[22m[39m [32mhmr update [39m[2m/src/App.tsx, /src/pages/login.tsx, /src/pages/clients.tsx, /src/pages/accounting.tsx, /src/pages/services.tsx, /src/pages/leads.tsx, /src/pages/client-detail.tsx, /src/pages/dashboard.tsx, /src/pages/creative-detail.tsx, /src/pages/settings.tsx, /src/pages/client-portal.tsx, /src/components/layout.tsx, /src/pages/project-detail.tsx, /src/pages/projects.tsx, /src/pages/photographers.tsx[22m
[2m3:49:21 PM[22m [36m[1m[vite][22m[39m [90m[2m(client)[22m[39m [32mhmr update [39m[2m/src/lib/i18n.tsx, /src/index.css[22m
[2m3:49:25 PM[22m [36m[1m[vite][22m[39m [90m[2m(client)[22m[39m [32mhmr update [39m[2m/src/lib/i18n.tsx, /src/index.css[22m
[2m3:49:25 PM[22m [36m[1m[vite][22m[39m [90m[2m(client)[22m[39m [33mhmr invalidate [39m[2m/src/lib/i18n.tsx[22m Could not Fast Refresh ("useLanguage" export is incompatible). Learn more at https://github.com/vitejs/vite-plugin-react/tree/main/packages/plugin-react#consistent-components-exports
[2m3:49:25 PM[22m [36m[1m[vite][22m[39m [90m[2m(client)[22m[39m [32mhmr update [39m[2m/src/App.tsx, /src/pages/login.tsx, /src/pages/clients.tsx, /src/pages/accounting.tsx, /src/pages/services.tsx, /src/pages/leads.tsx, /src/pages/client-detail.tsx, /src/pages/dashboard.tsx, /src/pages/creative-detail.tsx, /src/pages/settings.tsx, /src/pages/client-portal.tsx, /src/components/layout.tsx, /src/pages/project-detail.tsx, /src/pages/projects.tsx, /src/pages/photographers.tsx[22m
[2m3:50:15 PM[22m [36m[1m[vite][22m[39m [90m[2m(client)[22m[39m [32mhmr update [39m[2m/src/lib/auth.tsx, /src/pages/clients.tsx, /src/pages/accounting.tsx, /src/pages/services.tsx, /src/pages/leads.tsx, /src/pages/client-detail.tsx, /src/pages/dashboard.tsx, /src/pages/creative-detail.tsx, /src/pages/settings.tsx, /src/pages/client-portal.tsx, /src/pages/workflow-templates.tsx, /src/pages/project-detail.tsx, /src/pages/projects.tsx, /src/pages/photographers.tsx[22m
[2m3:50:15 PM[22m [36m[1m[vite][22m[39m [90m[2m(client)[22m[39m [32mhmr update [39m[2m/src/lib/auth.tsx, /src/pages/clients.tsx, /src/pages/accounting.tsx, /src/pages/services.tsx, /src/pages/leads.tsx, /src/pages/client-detail.tsx, /src/pages/dashboard.tsx, /src/pages/creative-detail.tsx, /src/pages/settings.tsx, /src/pages/client-portal.tsx, /src/pages/workflow-templates.tsx, /src/pages/project-detail.tsx, /src/pages/projects.tsx, /src/pages/photographers.tsx[22m
[2m3:50:17 PM[22m [36m[1m[vite][22m[39m [90m[2m(client)[22m[39m [32mhmr update [39m[2m/src/lib/auth.tsx, /src/pages/clients.tsx, /src/pages/accounting.tsx, /src/pages/services.tsx, /src/pages/leads.tsx, /src/pages/client-detail.tsx, /src/pages/dashboard.tsx, /src/pages/creative-detail.tsx, /src/pages/settings.tsx, /src/pages/client-portal.tsx, /src/pages/workflow-templates.tsx, /src/pages/project-detail.tsx, /src/pages/projects.tsx, /src/pages/photographers.tsx[22m
[2m3:50:17 PM[22m [36m[1m[vite][22m[39m [90m[2m(client)[22m[39m [32mhmr update [39m[2m/src/lib/auth.tsx, /src/pages/clients.tsx, /src/pages/accounting.tsx, /src/pages/services.tsx, /src/pages/leads.tsx, /src/pages/client-detail.tsx, /src/pages/dashboard.tsx, /src/pages/creative-detail.tsx, /src/pages/settings.tsx, /src/pages/client-portal.tsx, /src/pages/workflow-templates.tsx, /src/pages/project-detail.tsx, /src/pages/projects.tsx, /src/pages/photographers.tsx[22m
[2m3:50:18 PM[22m [36m[1m[vite][22m[39m [90m[2m(client)[22m[39m [33mhmr invalidate [39m[2m/src/lib/auth.tsx[22m Could not Fast Refresh ("useAuth" export is incompatible). Learn more at https://github.com/vitejs/vite-plugin-react/tree/main/packages/plugin-react#consistent-components-exports
[2m3:50:18 PM[22m [36m[1m[vite][22m[39m [90m[2m(client)[22m[39m [32mhmr update [39m[2m/src/App.tsx, /src/pages/login.tsx, /src/pages/clients.tsx, /src/pages/services.tsx, /src/pages/client-detail.tsx, /src/pages/dashboard.tsx, /src/pages/client-portal.tsx, /src/components/layout.tsx, /src/pages/client-accounts.tsx, /src/pages/project-detail.tsx, /src/pages/projects.tsx[22m
[2m4:01:05 PM[22m [36m[1m[vite][22m[39m [90m[2m(client)[22m[39m [32mhmr update [39m[2m/src/lib/i18n.tsx, /src/index.css[22m
[2m4:01:05 PM[22m [36m[1m[vite][22m[39m [90m[2m(client)[22m[39m [32mhmr update [39m[2m/src/lib/i18n.tsx, /src/index.css[22m
[2m4:02:23 PM[22m [36m[1m[vite][22m[39m [90m[2m(client)[22m[39m [32mhmr update [39m[2m/src/lib/i18n.tsx, /src/index.css[22m
[2m4:03:15 PM[22m [36m[1m[vite][22m[39m [90m[2m(client)[22m[39m [32mhmr update [39m[2m/src/lib/i18n.tsx, /src/index.css[22m
[2m4:03:30 PM[22m [36m[1m[vite][22m[39m [90m[2m(client)[22m[39m [32mhmr update [39m[2m/src/pages/login.tsx, /src/index.css[22m
[2m4:03:34 PM[22m [36m[1m[vite][22m[39m [90m[2m(client)[22m[39m [32mhmr update [39m[2m/src/pages/login.tsx, /src/index.css[22m
[2m4:03:41 PM[22m [36m[1m[vite][22m[39m [90m[2m(client)[22m[39m [32mhmr update [39m[2m/src/pages/login.tsx, /src/index.css[22m
[2m4:03:48 PM[22m [36m[1m[vite][22m[39m [90m[2m(client)[22m[39m [32mhmr update [39m[2m/src/pages/login.tsx, /src/index.css[22m
[2m4:03:53 PM[22m [36m[1m[vite][22m[39m [90m[2m(client)[22m[39m [32mhmr update [39m[2m/src/pages/login.tsx, /src/index.css[22m
[2m4:03:58 PM[22m [36m[1m[vite][22m[39m [90m[2m(client)[22m[39m [32mhmr update [39m[2m/src/pages/login.tsx, /src/index.css[22m
[2m4:04:04 PM[22m [36m[1m[vite][22m[39m [90m[2m(client)[22m[39m [32mhmr update [39m[2m/src/pages/login.tsx, /src/index.css[22m
[2m4:04:09 PM[22m [36m[1m[vite][22m[39m [90m[2m(client)[22m[39m [32mhmr update [39m[2m/src/pages/login.tsx, /src/index.css[22m
[2m4:04:13 PM[22m [36m[1m[vite][22m[39m [90m[2m(client)[22m[39m [32mhmr update [39m[2m/src/pages/login.tsx, /src/index.css[22m
[2m4:04:18 PM[22m [36m[1m[vite][22m[39m [90m[2m(client)[22m[39m [32mhmr update [39m[2m/src/pages/login.tsx, /src/index.css[22m
[2m4:04:24 PM[22m [36m[1m[vite][22m[39m [90m[2m(client)[22m[39m [32mhmr update [39m[2m/src/pages/not-found.tsx, /src/index.css[22m
[2m4:04:34 PM[22m [36m[1m[vite][22m[39m [90m[2m(client)[22m[39m [32mhmr update [39m[2m/src/components/layout.tsx, /src/index.css[22m
[2m4:04:41 PM[22m [36m[1m[vite][22m[39m [90m[2m(client)[22m[39m [32mhmr update [39m[2m/src/components/layout.tsx, /src/index.css[22m
[2m4:04:51 PM[22m [36m[1m[vite][22m[39m [90m[2m(client)[22m[39m [32mhmr update [39m[2m/src/components/layout.tsx, /src/index.css[22m
[2m4:04:56 PM[22m [36m[1m[vite][22m[39m [90m[2m(client)[22m[39m [32mhmr update [39m[2m/src/components/layout.tsx, /src/index.css[22m
[2m4:05:00 PM[22m [36m[1m[vite][22m[39m [90m[2m(client)[22m[39m [32mhmr update [39m[2m/src/components/layout.tsx, /src/index.css[22m
[2m4:05:06 PM[22m [36m[1m[vite][22m[39m [90m[2m(client)[22m[39m [32mhmr update [39m[2m/src/components/layout.tsx, /src/index.css[22m
[2m4:05:11 PM[22m [36m[1m[vite][22m[39m [90m[2m(client)[22m[39m [32mhmr update [39m[2m/src/lib/i18n.tsx, /src/index.css[22m
[2m4:05:16 PM[22m [36m[1m[vite][22m[39m [90m[2m(client)[22m[39m [32mhmr update [39m[2m/src/lib/i18n.tsx, /src/index.css[22m
[2m4:05:21 PM[22m [36m[1m[vite][22m[39m [90m[2m(client)[22m[39m [32mhmr update [39m[2m/src/lib/i18n.tsx, /src/index.css[22m
[2m4:07:34 PM[22m [36m[1m[vite][22m[39m [90m[2m(client)[22m[39m [32mhmr update [39m[2m/src/pages/landing.tsx, /src/index.css[22m
[2m4:08:13 PM[22m [36m[1m[vite][22m[39m [90m[2m(client)[22m[39m [32mhmr update [39m[2m/src/pages/projects.tsx, /src/index.css[22m
[2m4:08:18 PM[22m [36m[1m[vite][22m[39m [90m[2m(client)[22m[39m [32mhmr update [39m[2m/src/pages/landing.tsx, /src/index.css[22m
[2m4:08:29 PM[22m [36m[1m[vite][22m[39m [90m[2m(client)[22m[39m [32mhmr update [39m[2m/src/pages/landing.tsx, /src/index.css[22m
[2m4:09:26 PM[22m [36m[1m[vite][22m[39m [90m[2m(client)[22m[39m [32mhmr update [39m[2m/src/pages/project-detail.tsx, /src/index.css[22m
[2m4:09:30 PM[22m [36m[1m[vite][22m[39m [90m[2m(client)[22m[39m [32mhmr update [39m[2m/src/pages/project-detail.tsx, /src/index.css[22m
[2m4:09:34 PM[22m [36m[1m[vite][22m[39m [90m[2m(client)[22m[39m [32mhmr update [39m[2m/src/pages/project-detail.tsx, /src/index.css[22m
[2m4:09:38 PM[22m [36m[1m[vite][22m[39m [90m[2m(client)[22m[39m [32mhmr update [39m[2m/src/pages/project-detail.tsx, /src/index.css[22m
[2m4:09:41 PM[22m [36m[1m[vite][22m[39m [90m[2m(client)[22m[39m [32mhmr update [39m[2m/src/pages/project-detail.tsx, /src/index.css[22m
[2m4:09:44 PM[22m [36m[1m[vite][22m[39m [90m[2m(client)[22m[39m [32mhmr update [39m[2m/src/pages/project-detail.tsx, /src/index.css[22m
[2m4:09:48 PM[22m [36m[1m[vite][22m[39m [90m[2m(client)[22m[39m [32mhmr update [39m[2m/src/pages/project-detail.tsx, /src/index.css[22m
[2m4:09:51 PM[22m [36m[1m[vite][22m[39m [90m[2m(client)[22m[39m [32mhmr update [39m[2m/src/pages/project-detail.tsx, /src/index.css[22m
[2m4:09:54 PM[22m [36m[1m[vite][22m[39m [90m[2m(client)[22m[39m [32mhmr update [39m[2m/src/pages/project-detail.tsx, /src/index.css[22m
[2m4:09:57 PM[22m [36m[1m[vite][22m[39m [90m[2m(client)[22m[39m [32mhmr update [39m[2m/src/pages/project-detail.tsx, /src/index.css[22m
[2m4:10:00 PM[22m [36m[1m[vite][22m[39m [90m[2m(client)[22m[39m [32mhmr update [39m[2m/src/pages/project-detail.tsx, /src/index.css[22m
[2m4:10:03 PM[22m [36m[1m[vite][22m[39m [90m[2m(client)[22m[39m [32mhmr update [39m[2m/src/pages/project-detail.tsx, /src/index.css[22m
[2m4:10:07 PM[22m [36m[1m[vite][22m[39m [90m[2m(client)[22m[39m [32mhmr update [39m[2m/src/pages/project-detail.tsx, /src/index.css[22m
[2m4:10:11 PM[22m [36m[1m[vite][22m[39m [90m[2m(client)[22m[39m [32mhmr update [39m[2m/src/pages/project-detail.tsx, /src/index.css[22m
[2m4:10:14 PM[22m [36m[1m[vite][22m[39m [90m[2m(client)[22m[39m [32mhmr update [39m[2m/src/pages/project-detail.tsx, /src/index.css[22m
[2m4:10:17 PM[22m [36m[1m[vite][22m[39m [90m[2m(client)[22m[39m [32mhmr update [39m[2m/src/pages/project-detail.tsx, /src/index.css[22m
[2m4:10:21 PM[22m [36m[1m[vite][22m[39m [90m[2m(client)[22m[39m [32mhmr update [39m[2m/src/pages/project-detail.tsx, /src/index.css[22m
[2m4:10:24 PM[22m [36m[1m[vite][22m[39m [90m[2m(client)[22m[39m [32mhmr update [39m[2m/src/pages/project-detail.tsx, /src/index.css[22m
[2m4:10:27 PM[22m [36m[1m[vite][22m[39m [90m[2m(client)[22m[39m [32mhmr update [39m[2m/src/pages/project-detail.tsx, /src/index.css[22m
[2m4:10:31 PM[22m [36m[1m[vite][22m[39m [90m[2m(client)[22m[39m [32mhmr update [39m[2m/src/pages/project-detail.tsx, /src/index.css[22m
[2m4:10:36 PM[22m [36m[1m[vite][22m[39m [90m[2m(client)[22m[39m [32mhmr update [39m[2m/src/pages/project-detail.tsx, /src/index.css[22m
[2m4:10:43 PM[22m [36m[1m[vite][22m[39m [90m[2m(client)[22m[39m [32mhmr update [39m[2m/src/pages/project-detail.tsx, /src/index.css[22m
[2m4:10:47 PM[22m [36m[1m[vite][22m[39m [90m[2m(client)[22m[39m [32mhmr update [39m[2m/src/pages/project-detail.tsx, /src/index.css[22m
[2m4:10:51 PM[22m [36m[1m[vite][22m[39m [90m[2m(client)[22m[39m [32mhmr update [39m[2m/src/pages/project-detail.tsx, /src/index.css[22m
[2m4:10:56 PM[22m [36m[1m[vite][22m[39m [90m[2m(client)[22m[39m [32mhmr update [39m[2m/src/pages/project-detail.tsx, /src/index.css[22m
[2m4:10:59 PM[22m [36m[1m[vite][22m[39m [90m[2m(client)[22m[39m [32mhmr update [39m[2m/src/pages/project-detail.tsx, /src/index.css[22m
[2m4:11:03 PM[22m [36m[1m[vite][22m[39m [90m[2m(client)[22m[39m [32mhmr update [39m[2m/src/pages/project-detail.tsx, /src/index.css[22m
[2m4:11:06 PM[22m [36m[1m[vite][22m[39m [90m[2m(client)[22m[39m [32mhmr update [39m[2m/src/pages/project-detail.tsx, /src/index.css[22m
[2m4:11:09 PM[22m [36m[1m[vite][22m[39m [90m[2m(client)[22m[39m [32mhmr update [39m[2m/src/pages/project-detail.tsx, /src/index.css[22m
[2m4:11:12 PM[22m [36m[1m[vite][22m[39m [90m[2m(client)[22m[39m [32mhmr update [39m[2m/src/pages/project-detail.tsx, /src/index.css[22m
[2m4:11:16 PM[22m [36m[1m[vite][22m[39m [90m[2m(client)[22m[39m [32mhmr update [39m[2m/src/pages/project-detail.tsx, /src/index.css[22m
[2m4:11:19 PM[22m [36m[1m[vite][22m[39m [90m[2m(client)[22m[39m [32mhmr update [39m[2m/src/pages/project-detail.tsx, /src/index.css[22m
[2m4:11:23 PM[22m [36m[1m[vite][22m[39m [90m[2m(client)[22m[39m [32mhmr update [39m[2m/src/pages/project-detail.tsx, /src/index.css[22m
[2m4:11:26 PM[22m [36m[1m[vite][22m[39m [90m[2m(client)[22m[39m [32mhmr update [39m[2m/src/pages/project-detail.tsx, /src/index.css[22m
[2m4:11:29 PM[22m [36m[1m[vite][22m[39m [90m[2m(client)[22m[39m [32mhmr update [39m[2m/src/pages/project-detail.tsx, /src/index.css[22m
[2m4:11:33 PM[22m [36m[1m[vite][22m[39m [90m[2m(client)[22m[39m [32mhmr update [39m[2m/src/pages/project-detail.tsx, /src/index.css[22m
[2m4:11:37 PM[22m [36m[1m[vite][22m[39m [90m[2m(client)[22m[39m [32mhmr update [39m[2m/src/pages/project-detail.tsx, /src/index.css[22m
[2m4:11:40 PM[22m [36m[1m[vite][22m[39m [90m[2m(client)[22m[39m [32mhmr update [39m[2m/src/pages/project-detail.tsx, /src/index.css[22m
[2m4:11:43 PM[22m [36m[1m[vite][22m[39m [90m[2m(client)[22m[39m [32mhmr update [39m[2m/src/pages/project-detail.tsx, /src/index.css[22m
[2m4:11:46 PM[22m [36m[1m[vite][22m[39m [90m[2m(client)[22m[39m [32mhmr update [39m[2m/src/pages/project-detail.tsx, /src/index.css[22m
[2m4:11:51 PM[22m [36m[1m[vite][22m[39m [90m[2m(client)[22m[39m [32mhmr update [39m[2m/src/pages/project-detail.tsx, /src/index.css[22m
[2m4:11:54 PM[22m [36m[1m[vite][22m[39m [90m[2m(client)[22m[39m [32mhmr update [39m[2m/src/pages/project-detail.tsx, /src/index.css[22m
[2m4:11:58 PM[22m [36m[1m[vite][22m[39m [90m[2m(client)[22m[39m [32mhmr update [39m[2m/src/pages/project-detail.tsx, /src/index.css[22m
[2m4:12:01 PM[22m [36m[1m[vite][22m[39m [90m[2m(client)[22m[39m [32mhmr update [39m[2m/src/pages/project-detail.tsx, /src/index.css[22m
[2m4:12:04 PM[22m [36m[1m[vite][22m[39m [90m[2m(client)[22m[39m [32mhmr update [39m[2m/src/pages/project-detail.tsx, /src/index.css[22m
[2m4:12:08 PM[22m [36m[1m[vite][22m[39m [90m[2m(client)[22m[39m [32mhmr update [39m[2m/src/pages/project-detail.tsx, /src/index.css[22m
[2m4:12:11 PM[22m [36m[1m[vite][22m[39m [90m[2m(client)[22m[39m [32mhmr update [39m[2m/src/pages/project-detail.tsx, /src/index.css[22m
[2m4:12:17 PM[22m [36m[1m[vite][22m[39m [90m[2m(client)[22m[39m [32mhmr update [39m[2m/src/pages/project-detail.tsx, /src/index.css[22m
[2m4:12:21 PM[22m [36m[1m[vite][22m[39m [90m[2m(client)[22m[39m [32mhmr update [39m[2m/src/pages/project-detail.tsx, /src/index.css[22m
[2m4:12:24 PM[22m [36m[1m[vite][22m[39m [90m[2m(client)[22m[39m [32mhmr update [39m[2m/src/pages/project-detail.tsx, /src/index.css[22m
[2m4:12:29 PM[22m [36m[1m[vite][22m[39m [90m[2m(client)[22m[39m [32mhmr update [39m[2m/src/pages/project-detail.tsx, /src/index.css[22m
[2m4:12:33 PM[22m [36m[1m[vite][22m[39m [90m[2m(client)[22m[39m [32mhmr update [39m[2m/src/pages/project-detail.tsx, /src/index.css[22m
[2m4:12:37 PM[22m [36m[1m[vite][22m[39m [90m[2m(client)[22m[39m [32mhmr update [39m[2m/src/pages/project-detail.tsx, /src/index.css[22m
[2m4:12:41 PM[22m [36m[1m[vite][22m[39m [90m[2m(client)[22m[39m [32mhmr update [39m[2m/src/pages/project-detail.tsx, /src/index.css[22m
[2m4:12:45 PM[22m [36m[1m[vite][22m[39m [90m[2m(client)[22m[39m [32mhmr update [39m[2m/src/pages/project-detail.tsx, /src/index.css[22m
[2m4:12:48 PM[22m [36m[1m[vite][22m[39m [90m[2m(client)[22m[39m [32mhmr update [39m[2m/src/pages/project-detail.tsx, /src/index.css[22m
[2m4:12:52 PM[22m [36m[1m[vite][22m[39m [90m[2m(client)[22m[39m [32mhmr update [39m[2m/src/pages/project-detail.tsx, /src/index.css[22m
[2m4:12:55 PM[22m [36m[1m[vite][22m[39m [90m[2m(client)[22m[39m [32mhmr update [39m[2m/src/pages/project-detail.tsx, /src/index.css[22m
[2m4:12:59 PM[22m [36m[1m[vite][22m[39m [90m[2m(client)[22m[39m [32mhmr update [39m[2m/src/pages/project-detail.tsx, /src/index.css[22m
[2m4:13:04 PM[22m [36m[1m[vite][22m[39m [90m[2m(client)[22m[39m [32mhmr update [39m[2m/src/pages/project-detail.tsx, /src/index.css[22m
[2m4:13:08 PM[22m [36m[1m[vite][22m[39m [90m[2m(client)[22m[39m [32mhmr update [39m[2m/src/pages/project-detail.tsx, /src/index.css[22m
[2m4:13:12 PM[22m [36m[1m[vite][22m[39m [90m[2m(client)[22m[39m [32mhmr update [39m[2m/src/pages/project-detail.tsx, /src/index.css[22m
[2m4:13:16 PM[22m [36m[1m[vite][22m[39m [90m[2m(client)[22m[39m [32mhmr update [39m[2m/src/pages/project-detail.tsx, /src/index.css[22m
[2m4:13:20 PM[22m [36m[1m[vite][22m[39m [90m[2m(client)[22m[39m [32mhmr update [39m[2m/src/pages/project-detail.tsx, /src/index.css[22m
[2m4:13:24 PM[22m [36m[1m[vite][22m[39m [90m[2m(client)[22m[39m [32mhmr update [39m[2m/src/pages/project-detail.tsx, /src/index.css[22m
[2m4:13:28 PM[22m [36m[1m[vite][22m[39m [90m[2m(client)[22m[39m [32mhmr update [39m[2m/src/pages/project-detail.tsx, /src/index.css[22m
[2m4:13:32 PM[22m [36m[1m[vite][22m[39m [90m[2m(client)[22m[39m [32mhmr update [39m[2m/src/pages/project-detail.tsx, /src/index.css[22m
[2m4:13:35 PM[22m [36m[1m[vite][22m[39m [90m[2m(client)[22m[39m [32mhmr update [39m[2m/src/pages/project-detail.tsx, /src/index.css[22m
[2m4:13:39 PM[22m [36m[1m[vite][22m[39m [90m[2m(client)[22m[39m [32mhmr update [39m[2m/src/pages/project-detail.tsx, /src/index.css[22m
[2m4:13:42 PM[22m [36m[1m[vite][22m[39m [90m[2m(client)[22m[39m [32mhmr update [39m[2m/src/pages/project-detail.tsx, /src/index.css[22m
[2m4:13:46 PM[22m [36m[1m[vite][22m[39m [90m[2m(client)[22m[39m [32mhmr update [39m[2m/src/pages/project-detail.tsx, /src/index.css[22m
[2m4:13:50 PM[22m [36m[1m[vite][22m[39m [90m[2m(client)[22m[39m [32mhmr update [39m[2m/src/pages/project-detail.tsx, /src/index.css[22m
[2m4:13:54 PM[22m [36m[1m[vite][22m[39m [90m[2m(client)[22m[39m [32mhmr update [39m[2m/src/pages/project-detail.tsx, /src/index.css[22m
[2m4:13:57 PM[22m [36m[1m[vite][22m[39m [90m[2m(client)[22m[39m [32mhmr update [39m[2m/src/pages/project-detail.tsx, /src/index.css[22m
[2m4:14:01 PM[22m [36m[1m[vite][22m[39m [90m[2m(client)[22m[39m [32mhmr update [39m[2m/src/pages/project-detail.tsx, /src/index.css[22m
[2m4:14:05 PM[22m [36m[1m[vite][22m[39m [90m[2m(client)[22m[39m [32mhmr update [39m[2m/src/pages/project-detail.tsx, /src/index.css[22m
[2m4:14:09 PM[22m [36m[1m[vite][22m[39m [90m[2m(client)[22m[39m [32mhmr update [39m[2m/src/pages/project-detail.tsx, /src/index.css[22m
[2m4:14:13 PM[22m [36m[1m[vite][22m[39m [90m[2m(client)[22m[39m [32mhmr update [39m[2m/src/pages/project-detail.tsx, /src/index.css[22m
[2m4:14:16 PM[22m [36m[1m[vite][22m[39m [90m[2m(client)[22m[39m [32mhmr update [39m[2m/src/pages/project-detail.tsx, /src/index.css[22m
[2m4:14:20 PM[22m [36m[1m[vite][22m[39m [90m[2m(client)[22m[39m [32mhmr update [39m[2m/src/pages/project-detail.tsx, /src/index.css[22m
[2m4:14:23 PM[22m [36m[1m[vite][22m[39m [90m[2m(client)[22m[39m [32mhmr update [39m[2m/src/pages/project-detail.tsx, /src/index.css[22m
[2m4:14:27 PM[22m [36m[1m[vite][22m[39m [90m[2m(client)[22m[39m [32mhmr update [39m[2m/src/pages/project-detail.tsx, /src/index.css[22m
[2m4:14:30 PM[22m [36m[1m[vite][22m[39m [90m[2m(client)[22m[39m [32mhmr update [39m[2m/src/pages/project-detail.tsx, /src/index.css[22m
[2m4:14:34 PM[22m [36m[1m[vite][22m[39m [90m[2m(client)[22m[39m [32mhmr update [39m[2m/src/pages/project-detail.tsx, /src/index.css[22m
[2m4:14:37 PM[22m [36m[1m[vite][22m[39m [90m[2m(client)[22m[39m [32mhmr update [39m[2m/src/pages/project-detail.tsx, /src/index.css[22m
[2m4:14:40 PM[22m [36m[1m[vite][22m[39m [90m[2m(client)[22m[39m [32mhmr update [39m[2m/src/pages/project-detail.tsx, /src/index.css[22m
[2m4:14:43 PM[22m [36m[1m[vite][22m[39m [90m[2m(client)[22m[39m [32mhmr update [39m[2m/src/pages/project-detail.tsx, /src/index.css[22m
[2m4:14:46 PM[22m [36m[1m[vite][22m[39m [90m[2m(client)[22m[39m [32mhmr update [39m[2m/src/pages/project-detail.tsx, /src/index.css[22m
[2m4:14:49 PM[22m [36m[1m[vite][22m[39m [90m[2m(client)[22m[39m [32mhmr update [39m[2m/src/pages/project-detail.tsx, /src/index.css[22m
[2m4:14:53 PM[22m [36m[1m[vite][22m[39m [90m[2m(client)[22m[39m [32mhmr update [39m[2m/src/pages/project-detail.tsx, /src/index.css[22m
[2m4:14:56 PM[22m [36m[1m[vite][22m[39m [90m[2m(client)[22m[39m [32mhmr update [39m[2m/src/pages/project-detail.tsx, /src/index.css[22m
[2m4:15:00 PM[22m [36m[1m[vite][22m[39m [90m[2m(client)[22m[39m [32mhmr update [39m[2m/src/pages/project-detail.tsx, /src/index.css[22m
[2m4:15:03 PM[22m [36m[1m[vite][22m[39m [90m[2m(client)[22m[39m [32mhmr update [39m[2m/src/pages/project-detail.tsx, /src/index.css[22m
[2m4:16:41 PM[22m [36m[1m[vite][22m[39m [90m[2m(client)[22m[39m [32mhmr update [39m[2m/src/pages/project-detail.tsx, /src/index.css[22m
[2m4:22:32 PM[22m [36m[1m[vite][22m[39m [90m[2m(client)[22m[39m [32mhmr update [39m[2m/src/pages/clients.tsx, /src/index.css[22m
[2m4:22:35 PM[22m [36m[1m[vite][22m[39m [90m[2m(client)[22m[39m [32mhmr update [39m[2m/src/pages/clients.tsx, /src/index.css[22m
[2m4:22:39 PM[22m [36m[1m[vite][22m[39m [90m[2m(client)[22m[39m [32mhmr update [39m[2m/src/pages/clients.tsx, /src/index.css[22m
[2m4:22:42 PM[22m [36m[1m[vite][22m[39m [90m[2m(client)[22m[39m [32mhmr update [39m[2m/src/pages/clients.tsx, /src/index.css[22m
[2m4:22:46 PM[22m [36m[1m[vite][22m[39m [90m[2m(client)[22m[39m [32mhmr update [39m[2m/src/pages/clients.tsx, /src/index.css[22m
[2m4:22:49 PM[22m [36m[1m[vite][22m[39m [90m[2m(client)[22m[39m [32mhmr update [39m[2m/src/pages/clients.tsx, /src/index.css[22m
[2m4:22:53 PM[22m [36m[1m[vite][22m[39m [90m[2m(client)[22m[39m [32mhmr update [39m[2m/src/pages/clients.tsx, /src/index.css[22m
[2m4:22:56 PM[22m [36m[1m[vite][22m[39m [90m[2m(client)[22m[39m [32mhmr update [39m[2m/src/pages/clients.tsx, /src/index.css[22m
[2m4:23:00 PM[22m [36m[1m[vite][22m[39m [90m[2m(client)[22m[39m [32mhmr update [39m[2m/src/pages/clients.tsx, /src/index.css[22m
[2m4:23:03 PM[22m [36m[1m[vite][22m[39m [90m[2m(client)[22m[39m [32mhmr update [39m[2m/src/pages/clients.tsx, /src/index.css[22m
[2m4:23:07 PM[22m [36m[1m[vite][22m[39m [90m[2m(client)[22m[39m [32mhmr update [39m[2m/src/pages/clients.tsx, /src/index.css[22m
[2m4:23:11 PM[22m [36m[1m[vite][22m[39m [90m[2m(client)[22m[39m [32mhmr update [39m[2m/src/pages/clients.tsx, /src/index.css[22m
[2m4:23:14 PM[22m [36m[1m[vite][22m[39m [90m[2m(client)[22m[39m [32mhmr update [39m[2m/src/pages/clients.tsx, /src/index.css[22m
[2m4:23:18 PM[22m [36m[1m[vite][22m[39m [90m[2m(client)[22m[39m [32mhmr update [39m[2m/src/pages/clients.tsx, /src/index.css[22m
[2m4:23:21 PM[22m [36m[1m[vite][22m[39m [90m[2m(client)[22m[39m [32mhmr update [39m[2m/src/pages/clients.tsx, /src/index.css[22m
[2m4:23:24 PM[22m [36m[1m[vite][22m[39m [90m[2m(client)[22m[39m [32mhmr update [39m[2m/src/pages/clients.tsx, /src/index.css[22m
[2m4:23:28 PM[22m [36m[1m[vite][22m[39m [90m[2m(client)[22m[39m [32mhmr update [39m[2m/src/pages/clients.tsx, /src/index.css[22m
[2m4:23:31 PM[22m [36m[1m[vite][22m[39m [90m[2m(client)[22m[39m [32mhmr update [39m[2m/src/pages/clients.tsx, /src/index.css[22m
[2m4:23:35 PM[22m [36m[1m[vite][22m[39m [90m[2m(client)[22m[39m [32mhmr update [39m[2m/src/pages/clients.tsx, /src/index.css[22m
[2m4:23:39 PM[22m [36m[1m[vite][22m[39m [90m[2m(client)[22m[39m [32mhmr update [39m[2m/src/pages/clients.tsx, /src/index.css[22m
[2m4:23:42 PM[22m [36m[1m[vite][22m[39m [90m[2m(client)[22m[39m [32mhmr update [39m[2m/src/pages/clients.tsx, /src/index.css[22m
[2m4:23:46 PM[22m [36m[1m[vite][22m[39m [90m[2m(client)[22m[39m [32mhmr update [39m[2m/src/pages/client-detail.tsx, /src/index.css[22m
[2m4:23:49 PM[22m [36m[1m[vite][22m[39m [90m[2m(client)[22m[39m [32mhmr update [39m[2m/src/pages/client-detail.tsx, /src/index.css[22m
[2m4:23:54 PM[22m [36m[1m[vite][22m[39m [90m[2m(client)[22m[39m [32mhmr update [39m[2m/src/pages/client-detail.tsx, /src/index.css[22m
[2m4:23:58 PM[22m [36m[1m[vite][22m[39m [90m[2m(client)[22m[39m [32mhmr update [39m[2m/src/pages/client-detail.tsx, /src/index.css[22m
[2m4:24:01 PM[22m [36m[1m[vite][22m[39m [90m[2m(client)[22m[39m [32mhmr update [39m[2m/src/pages/client-detail.tsx, /src/index.css[22m
[2m4:24:05 PM[22m [36m[1m[vite][22m[39m [90m[2m(client)[22m[39m [32mhmr update [39m[2m/src/pages/client-detail.tsx, /src/index.css[22m
[2m4:24:09 PM[22m [36m[1m[vite][22m[39m [90m[2m(client)[22m[39m [32mhmr update [39m[2m/src/pages/client-detail.tsx, /src/index.css[22m
[2m4:24:14 PM[22m [36m[1m[vite][22m[39m [90m[2m(client)[22m[39m [32mhmr update [39m[2m/src/pages/client-detail.tsx, /src/index.css[22m
[2m4:24:17 PM[22m [36m[1m[vite][22m[39m [90m[2m(client)[22m[39m [32mhmr update [39m[2m/src/pages/client-detail.tsx, /src/index.css[22m
[2m4:24:20 PM[22m [36m[1m[vite][22m[39m [90m[2m(client)[22m[39m [32mhmr update [39m[2m/src/pages/client-detail.tsx, /src/index.css[22m
[2m4:24:24 PM[22m [36m[1m[vite][22m[39m [90m[2m(client)[22m[39m [32mhmr update [39m[2m/src/pages/client-detail.tsx, /src/index.css[22m
[2m4:24:29 PM[22m [36m[1m[vite][22m[39m [90m[2m(client)[22m[39m [32mhmr update [39m[2m/src/pages/client-accounts.tsx, /src/index.css[22m
[2m4:24:33 PM[22m [36m[1m[vite][22m[39m [90m[2m(client)[22m[39m [32mhmr update [39m[2m/src/pages/client-accounts.tsx, /src/index.css[22m
[2m4:24:37 PM[22m [36m[1m[vite][22m[39m [90m[2m(client)[22m[39m [32mhmr update [39m[2m/src/pages/client-accounts.tsx, /src/index.css[22m
[2m4:24:43 PM[22m [36m[1m[vite][22m[39m [90m[2m(client)[22m[39m [32mhmr update [39m[2m/src/pages/client-accounts.tsx, /src/index.css[22m
[2m4:24:46 PM[22m [36m[1m[vite][22m[39m [90m[2m(client)[22m[39m [32mhmr update [39m[2m/src/pages/client-accounts.tsx, /src/index.css[22m
[2m4:24:51 PM[22m [36m[1m[vite][22m[39m [90m[2m(client)[22m[39m [32mhmr update [39m[2m/src/pages/client-accounts.tsx, /src/index.css[22m
[2m4:24:55 PM[22m [36m[1m[vite][22m[39m [90m[2m(client)[22m[39m [32mhmr update [39m[2m/src/pages/client-accounts.tsx, /src/index.css[22m
[2m4:24:59 PM[22m [36m[1m[vite][22m[39m [90m[2m(client)[22m[39m [32mhmr update [39m[2m/src/pages/client-accounts.tsx, /src/index.css[22m
[2m4:25:03 PM[22m [36m[1m[vite][22m[39m [90m[2m(client)[22m[39m [32mhmr update [39m[2m/src/pages/client-accounts.tsx, /src/index.css[22m
[2m4:25:07 PM[22m [36m[1m[vite][22m[39m [90m[2m(client)[22m[39m [32mhmr update [39m[2m/src/pages/client-accounts.tsx, /src/index.css[22m
[2m4:25:12 PM[22m [36m[1m[vite][22m[39m [90m[2m(client)[22m[39m [32mhmr update [39m[2m/src/pages/client-accounts.tsx, /src/index.css[22m
[2m4:25:16 PM[22m [36m[1m[vite][22m[39m [90m[2m(client)[22m[39m [32mhmr update [39m[2m/src/pages/client-accounts.tsx, /src/index.css[22m
[2m4:25:19 PM[22m [36m[1m[vite][22m[39m [90m[2m(client)[22m[39m [32mhmr update [39m[2m/src/pages/client-accounts.tsx, /src/index.css[22m
[2m4:25:23 PM[22m [36m[1m[vite][22m[39m [90m[2m(client)[22m[39m [32mhmr update [39m[2m/src/pages/client-accounts.tsx, /src/index.css[22m
[2m4:25:28 PM[22m [36m[1m[vite][22m[39m [90m[2m(client)[22m[39m [32mhmr update [39m[2m/src/pages/photographers.tsx, /src/index.css[22m
[2m4:25:34 PM[22m [36m[1m[vite][22m[39m [90m[2m(client)[22m[39m [32mhmr update [39m[2m/src/pages/photographers.tsx, /src/index.css[22m
[2m4:25:43 PM[22m [36m[1m[vite][22m[39m [90m[2m(client)[22m[39m [32mhmr update [39m[2m/src/pages/photographers.tsx, /src/index.css[22m
[2m4:25:48 PM[22m [36m[1m[vite][22m[39m [90m[2m(client)[22m[39m [32mhmr update [39m[2m/src/pages/photographers.tsx, /src/index.css[22m
[2m4:25:51 PM[22m [36m[1m[vite][22m[39m [90m[2m(client)[22m[39m [32mhmr update [39m[2m/src/pages/photographers.tsx, /src/index.css[22m
[2m4:25:57 PM[22m [36m[1m[vite][22m[39m [90m[2m(client)[22m[39m [32mhmr update [39m[2m/src/pages/photographers.tsx, /src/index.css[22m
[2m4:26:02 PM[22m [36m[1m[vite][22m[39m [90m[2m(client)[22m[39m [32mhmr update [39m[2m/src/pages/photographers.tsx, /src/index.css[22m
[2m4:26:07 PM[22m [36m[1m[vite][22m[39m [90m[2m(client)[22m[39m [32mhmr update [39m[2m/src/pages/photographers.tsx, /src/index.css[22m
[2m4:26:11 PM[22m [36m[1m[vite][22m[39m [90m[2m(client)[22m[39m [32mhmr update [39m[2m/src/pages/photographers.tsx, /src/index.css[22m
[2m4:26:14 PM[22m [36m[1m[vite][22m[39m [90m[2m(client)[22m[39m [32mhmr update [39m[2m/src/pages/photographers.tsx, /src/index.css[22m
[2m4:26:19 PM[22m [36m[1m[vite][22m[39m [90m[2m(client)[22m[39m [32mhmr update [39m[2m/src/pages/photographers.tsx, /src/index.css[22m
[2m4:26:23 PM[22m [36m[1m[vite][22m[39m [90m[2m(client)[22m[39m [32mhmr update [39m[2m/src/pages/photographers.tsx, /src/index.css[22m
[2m4:26:27 PM[22m [36m[1m[vite][22m[39m [90m[2m(client)[22m[39m [32mhmr update [39m[2m/src/pages/photographers.tsx, /src/index.css[22m
[2m4:26:31 PM[22m [36m[1m[vite][22m[39m [90m[2m(client)[22m[39m [32mhmr update [39m[2m/src/pages/photographers.tsx, /src/index.css[22m
[2m4:26:35 PM[22m [36m[1m[vite][22m[39m [90m[2m(client)[22m[39m [32mhmr update [39m[2m/src/pages/photographers.tsx, /src/index.css[22m
[2m4:26:39 PM[22m [36m[1m[vite][22m[39m [90m[2m(client)[22m[39m [32mhmr update [39m[2m/src/pages/photographers.tsx, /src/index.css[22m
[2m4:26:47 PM[22m [36m[1m[vite][22m[39m [90m[2m(client)[22m[39m [32mhmr update [39m[2m/src/pages/photographers.tsx, /src/index.css[22m
[2m4:26:53 PM[22m [36m[1m[vite][22m[39m [90m[2m(client)[22m[39m [32mhmr update [39m[2m/src/pages/photographers.tsx, /src/index.css[22m
[2m4:27:00 PM[22m [36m[1m[vite][22m[39m [90m[2m(client)[22m[39m [32mhmr update [39m[2m/src/pages/photographers.tsx, /src/index.css[22m
[2m4:27:04 PM[22m [36m[1m[vite][22m[39m [90m[2m(client)[22m[39m [32mhmr update [39m[2m/src/pages/photographers.tsx, /src/index.css[22m
[2m4:27:09 PM[22m [36m[1m[vite][22m[39m [90m[2m(client)[22m[39m [32mhmr update [39m[2m/src/pages/photographers.tsx, /src/index.css[22m
[2m4:27:17 PM[22m [36m[1m[vite][22m[39m [90m[2m(client)[22m[39m [32mhmr update [39m[2m/src/pages/photographers.tsx, /src/index.css[22m
[2m4:27:24 PM[22m [36m[1m[vite][22m[39m [90m[2m(client)[22m[39m [32mhmr update [39m[2m/src/pages/photographers.tsx, /src/index.css[22m
[2m4:27:28 PM[22m [36m[1m[vite][22m[39m [90m[2m(client)[22m[39m [32mhmr update [39m[2m/src/pages/photographers.tsx, /src/index.css[22m
[2m4:27:32 PM[22m [36m[1m[vite][22m[39m [90m[2m(client)[22m[39m [32mhmr update [39m[2m/src/pages/photographers.tsx, /src/index.css[22m
[2m4:27:36 PM[22m [36m[1m[vite][22m[39m [90m[2m(client)[22m[39m [32mhmr update [39m[2m/src/pages/photographers.tsx, /src/index.css[22m
[2m4:27:40 PM[22m [36m[1m[vite][22m[39m [90m[2m(client)[22m[39m [32mhmr update [39m[2m/src/pages/photographers.tsx, /src/index.css[22m
[2m4:27:45 PM[22m [36m[1m[vite][22m[39m [90m[2m(client)[22m[39m [32mhmr update [39m[2m/src/pages/photographers.tsx, /src/index.css[22m
[2m4:27:50 PM[22m [36m[1m[vite][22m[39m [90m[2m(client)[22m[39m [32mhmr update [39m[2m/src/pages/photographers.tsx, /src/index.css[22m
[2m4:27:53 PM[22m [36m[1m[vite][22m[39m [90m[2m(client)[22m[39m [32mhmr update [39m[2m/src/pages/photographers.tsx, /src/index.css[22m
[2m4:27:58 PM[22m [36m[1m[vite][22m[39m [90m[2m(client)[22m[39m [32mhmr update [39m[2m/src/pages/photographers.tsx, /src/index.css[22m
[2m4:28:03 PM[22m [36m[1m[vite][22m[39m [90m[2m(client)[22m[39m [32mhmr update [39m[2m/src/pages/photographers.tsx, /src/index.css[22m
[2m4:28:07 PM[22m [36m[1m[vite][22m[39m [90m[2m(client)[22m[39m [32mhmr update [39m[2m/src/pages/photographers.tsx, /src/index.css[22m
[2m4:28:16 PM[22m [36m[1m[vite][22m[39m [90m[2m(client)[22m[39m [32mhmr update [39m[2m/src/pages/photographers.tsx, /src/index.css[22m
[2m4:28:20 PM[22m [36m[1m[vite][22m[39m [90m[2m(client)[22m[39m [32mhmr update [39m[2m/src/pages/creative-detail.tsx, /src/index.css[22m
[2m4:28:24 PM[22m [36m[1m[vite][22m[39m [90m[2m(client)[22m[39m [32mhmr update [39m[2m/src/pages/creative-detail.tsx, /src/index.css[22m
[2m4:28:28 PM[22m [36m[1m[vite][22m[39m [90m[2m(client)[22m[39m [32mhmr update [39m[2m/src/pages/creative-detail.tsx, /src/index.css[22m
[2m4:28:31 PM[22m [36m[1m[vite][22m[39m [90m[2m(client)[22m[39m [32mhmr update [39m[2m/src/pages/creative-detail.tsx, /src/index.css[22m
[2m4:28:35 PM[22m [36m[1m[vite][22m[39m [90m[2m(client)[22m[39m [32mhmr update [39m[2m/src/pages/creative-detail.tsx, /src/index.css[22m
[2m4:28:39 PM[22m [36m[1m[vite][22m[39m [90m[2m(client)[22m[39m [32mhmr update [39m[2m/src/pages/creative-detail.tsx, /src/index.css[22m
[2m4:28:42 PM[22m [36m[1m[vite][22m[39m [90m[2m(client)[22m[39m [32mhmr update [39m[2m/src/pages/creative-detail.tsx, /src/index.css[22m
[2m4:28:46 PM[22m [36m[1m[vite][22m[39m [90m[2m(client)[22m[39m [32mhmr update [39m[2m/src/pages/creative-detail.tsx, /src/index.css[22m
[2m4:28:50 PM[22m [36m[1m[vite][22m[39m [90m[2m(client)[22m[39m [32mhmr update [39m[2m/src/pages/creative-detail.tsx, /src/index.css[22m
[2m4:28:53 PM[22m [36m[1m[vite][22m[39m [90m[2m(client)[22m[39m [32mhmr update [39m[2m/src/pages/creative-detail.tsx, /src/index.css[22m
[2m4:28:57 PM[22m [36m[1m[vite][22m[39m [90m[2m(client)[22m[39m [32mhmr update [39m[2m/src/pages/creative-detail.tsx, /src/index.css[22m
[2m4:29:00 PM[22m [36m[1m[vite][22m[39m [90m[2m(client)[22m[39m [32mhmr update [39m[2m/src/pages/creative-detail.tsx, /src/index.css[22m
[2m4:29:06 PM[22m [36m[1m[vite][22m[39m [90m[2m(client)[22m[39m [32mhmr update [39m[2m/src/pages/creative-detail.tsx, /src/index.css[22m
[2m4:29:11 PM[22m [36m[1m[vite][22m[39m [90m[2m(client)[22m[39m [32mhmr update [39m[2m/src/pages/creative-detail.tsx, /src/index.css[22m
[2m4:29:15 PM[22m [36m[1m[vite][22m[39m [90m[2m(client)[22m[39m [32mhmr update [39m[2m/src/pages/creative-detail.tsx, /src/index.css[22m
[2m4:29:19 PM[22m [36m[1m[vite][22m[39m [90m[2m(client)[22m[39m [32mhmr update [39m[2m/src/pages/creative-detail.tsx, /src/index.css[22m
[2m4:29:24 PM[22m [36m[1m[vite][22m[39m [90m[2m(client)[22m[39m [32mhmr update [39m[2m/src/pages/creative-detail.tsx, /src/index.css[22m
[2m4:29:29 PM[22m [36m[1m[vite][22m[39m [90m[2m(client)[22m[39m [32mhmr update [39m[2m/src/pages/creative-detail.tsx, /src/index.css[22m
[2m4:29:34 PM[22m [36m[1m[vite][22m[39m [90m[2m(client)[22m[39m [32mhmr update [39m[2m/src/pages/creative-detail.tsx, /src/index.css[22m
[2m4:29:38 PM[22m [36m[1m[vite][22m[39m [90m[2m(client)[22m[39m [32mhmr update [39m[2m/src/pages/creative-detail.tsx, /src/index.css[22m
[2m4:29:42 PM[22m [36m[1m[vite][22m[39m [90m[2m(client)[22m[39m [32mhmr update [39m[2m/src/pages/creative-detail.tsx, /src/index.css[22m
[2m4:29:45 PM[22m [36m[1m[vite][22m[39m [90m[2m(client)[22m[39m [32mhmr update [39m[2m/src/pages/creative-detail.tsx, /src/index.css[22m
[2m4:29:50 PM[22m [36m[1m[vite][22m[39m [90m[2m(client)[22m[39m [32mhmr update [39m[2m/src/pages/creative-detail.tsx, /src/index.css[22m
[2m4:29:54 PM[22m [36m[1m[vite][22m[39m [90m[2m(client)[22m[39m [32mhmr update [39m[2m/src/pages/creative-detail.tsx, /src/index.css[22m
[2m4:29:59 PM[22m [36m[1m[vite][22m[39m [90m[2m(client)[22m[39m [32mhmr update [39m[2m/src/pages/creative-detail.tsx, /src/index.css[22m
[2m4:30:03 PM[22m [36m[1m[vite][22m[39m [90m[2m(client)[22m[39m [32mhmr update [39m[2m/src/pages/creative-detail.tsx, /src/index.css[22m
[2m4:30:07 PM[22m [36m[1m[vite][22m[39m [90m[2m(client)[22m[39m [32mhmr update [39m[2m/src/pages/creative-detail.tsx, /src/index.css[22m
[2m4:30:11 PM[22m [36m[1m[vite][22m[39m [90m[2m(client)[22m[39m [32mhmr update [39m[2m/src/pages/creative-detail.tsx, /src/index.css[22m
[2m4:30:17 PM[22m [36m[1m[vite][22m[39m [90m[2m(client)[22m[39m [32mhmr update [39m[2m/src/pages/creative-detail.tsx, /src/index.css[22m
[2m4:30:23 PM[22m [36m[1m[vite][22m[39m [90m[2m(client)[22m[39m [32mhmr update [39m[2m/src/pages/creative-detail.tsx, /src/index.css[22m
[2m4:30:28 PM[22m [36m[1m[vite][22m[39m [90m[2m(client)[22m[39m [32mhmr update [39m[2m/src/pages/creative-detail.tsx, /src/index.css[22m
[2m4:30:32 PM[22m [36m[1m[vite][22m[39m [90m[2m(client)[22m[39m [32mhmr update [39m[2m/src/pages/creative-detail.tsx, /src/index.css[22m
[2m4:30:38 PM[22m [36m[1m[vite][22m[39m [90m[2m(client)[22m[39m [32mhmr update [39m[2m/src/pages/creative-detail.tsx, /src/index.css[22m
[2m4:30:44 PM[22m [36m[1m[vite][22m[39m [90m[2m(client)[22m[39m [32mhmr update [39m[2m/src/pages/creative-detail.tsx, /src/index.css[22m
[2m4:30:48 PM[22m [36m[1m[vite][22m[39m [90m[2m(client)[22m[39m [32mhmr update [39m[2m/src/pages/creative-detail.tsx, /src/index.css[22m
[2m4:30:53 PM[22m [36m[1m[vite][22m[39m [90m[2m(client)[22m[39m [32mhmr update [39m[2m/src/pages/creative-detail.tsx, /src/index.css[22m
[2m4:30:58 PM[22m [36m[1m[vite][22m[39m [90m[2m(client)[22m[39m [32mhmr update [39m[2m/src/pages/creative-detail.tsx, /src/index.css[22m
[2m4:31:02 PM[22m [36m[1m[vite][22m[39m [90m[2m(client)[22m[39m [32mhmr update [39m[2m/src/pages/creative-detail.tsx, /src/index.css[22m
[2m4:31:07 PM[22m [36m[1m[vite][22m[39m [90m[2m(client)[22m[39m [32mhmr update [39m[2m/src/pages/creative-detail.tsx, /src/index.css[22m
[2m4:31:12 PM[22m [36m[1m[vite][22m[39m [90m[2m(client)[22m[39m [32mhmr update [39m[2m/src/pages/creative-detail.tsx, /src/index.css[22m
[2m4:31:17 PM[22m [36m[1m[vite][22m[39m [90m[2m(client)[22m[39m [32mhmr update [39m[2m/src/pages/creative-detail.tsx, /src/index.css[22m
[2m4:31:21 PM[22m [36m[1m[vite][22m[39m [90m[2m(client)[22m[39m [32mhmr update [39m[2m/src/pages/creative-detail.tsx, /src/index.css[22m
[2m4:31:25 PM[22m [36m[1m[vite][22m[39m [90m[2m(client)[22m[39m [32mhmr update [39m[2m/src/pages/creative-detail.tsx, /src/index.css[22m
[2m4:31:29 PM[22m [36m[1m[vite][22m[39m [90m[2m(client)[22m[39m [32mhmr update [39m[2m/src/pages/creative-detail.tsx, /src/index.css[22m
[2m4:31:50 PM[22m [36m[1m[vite][22m[39m [90m[2m(client)[22m[39m [32mhmr update [39m[2m/src/pages/creative-detail.tsx, /src/index.css[22m
[2m4:31:55 PM[22m [36m[1m[vite][22m[39m [90m[2m(client)[22m[39m [32mhmr update [39m[2m/src/pages/services.tsx, /src/index.css[22m
[2m4:31:58 PM[22m [36m[1m[vite][22m[39m [90m[2m(client)[22m[39m [32mhmr update [39m[2m/src/pages/services.tsx, /src/index.css[22m
[2m4:32:02 PM[22m [36m[1m[vite][22m[39m [90m[2m(client)[22m[39m [32mhmr update [39m[2m/src/pages/services.tsx, /src/index.css[22m
[2m4:32:09 PM[22m [36m[1m[vite][22m[39m [90m[2m(client)[22m[39m [32mhmr update [39m[2m/src/pages/workflow-templates.tsx, /src/index.css[22m
[2m4:32:13 PM[22m [36m[1m[vite][22m[39m [90m[2m(client)[22m[39m [32mhmr update [39m[2m/src/pages/workflow-templates.tsx, /src/index.css[22m
[2m4:32:18 PM[22m [36m[1m[vite][22m[39m [90m[2m(client)[22m[39m [32mhmr update [39m[2m/src/pages/workflow-templates.tsx, /src/index.css[22m
[2m4:32:22 PM[22m [36m[1m[vite][22m[39m [90m[2m(client)[22m[39m [32mhmr update [39m[2m/src/pages/workflow-templates.tsx, /src/index.css[22m
[2m4:32:27 PM[22m [36m[1m[vite][22m[39m [90m[2m(client)[22m[39m [32mhmr update [39m[2m/src/pages/workflow-templates.tsx, /src/index.css[22m
[2m4:32:32 PM[22m [36m[1m[vite][22m[39m [90m[2m(client)[22m[39m [32mhmr update [39m[2m/src/pages/workflow-templates.tsx, /src/index.css[22m
[2m4:32:41 PM[22m [36m[1m[vite][22m[39m [90m[2m(client)[22m[39m [32mhmr update [39m[2m/src/pages/workflow-templates.tsx, /src/index.css[22m
[2m4:32:49 PM[22m [36m[1m[vite][22m[39m [90m[2m(client)[22m[39m [32mhmr update [39m[2m/src/pages/workflow-templates.tsx, /src/index.css[22m
[2m4:32:55 PM[22m [36m[1m[vite][22m[39m [90m[2m(client)[22m[39m [32mhmr update [39m[2m/src/pages/workflow-templates.tsx, /src/index.css[22m
[2m4:33:01 PM[22m [36m[1m[vite][22m[39m [90m[2m(client)[22m[39m [32mhmr update [39m[2m/src/pages/workflow-templates.tsx, /src/index.css[22m
[2m4:33:05 PM[22m [36m[1m[vite][22m[39m [90m[2m(client)[22m[39m [32mhmr update [39m[2m/src/pages/workflow-templates.tsx, /src/index.css[22m
[2m4:33:09 PM[22m [36m[1m[vite][22m[39m [90m[2m(client)[22m[39m [32mhmr update [39m[2m/src/pages/workflow-templates.tsx, /src/index.css[22m
[2m4:33:14 PM[22m [36m[1m[vite][22m[39m [90m[2m(client)[22m[39m [32mhmr update [39m[2m/src/pages/workflow-templates.tsx, /src/index.css[22m
[2m4:33:18 PM[22m [36m[1m[vite][22m[39m [90m[2m(client)[22m[39m [32mhmr update [39m[2m/src/pages/workflow-templates.tsx, /src/index.css[22m
[2m4:33:23 PM[22m [36m[1m[vite][22m[39m [90m[2m(client)[22m[39m [32mhmr update [39m[2m/src/pages/workflow-templates.tsx, /src/index.css[22m
[2m4:33:27 PM[22m [36m[1m[vite][22m[39m [90m[2m(client)[22m[39m [32mhmr update [39m[2m/src/pages/workflow-templates.tsx, /src/index.css[22m
[2m4:33:30 PM[22m [36m[1m[vite][22m[39m [90m[2m(client)[22m[39m [32mhmr update [39m[2m/src/pages/workflow-templates.tsx, /src/index.css[22m
[2m4:33:35 PM[22m [36m[1m[vite][22m[39m [90m[2m(client)[22m[39m [32mhmr update [39m[2m/src/pages/workflow-templates.tsx, /src/index.css[22m
[2m4:33:39 PM[22m [36m[1m[vite][22m[39m [90m[2m(client)[22m[39m [32mhmr update [39m[2m/src/pages/workflow-templates.tsx, /src/index.css[22m
[2m4:33:44 PM[22m [36m[1m[vite][22m[39m [90m[2m(client)[22m[39m [32mhmr update [39m[2m/src/pages/workflow-templates.tsx, /src/index.css[22m
[2m4:33:48 PM[22m [36m[1m[vite][22m[39m [90m[2m(client)[22m[39m [32mhmr update [39m[2m/src/pages/workflow-templates.tsx, /src/index.css[22m
[2m4:33:53 PM[22m [36m[1m[vite][22m[39m [90m[2m(client)[22m[39m [32mhmr update [39m[2m/src/pages/workflow-templates.tsx, /src/index.css[22m
[2m4:33:58 PM[22m [36m[1m[vite][22m[39m [90m[2m(client)[22m[39m [32mhmr update [39m[2m/src/pages/workflow-templates.tsx, /src/index.css[22m
[2m4:34:03 PM[22m [36m[1m[vite][22m[39m [90m[2m(client)[22m[39m [32mhmr update [39m[2m/src/pages/workflow-templates.tsx, /src/index.css[22m
[2m4:34:08 PM[22m [36m[1m[vite][22m[39m [90m[2m(client)[22m[39m [32mhmr update [39m[2m/src/pages/workflow-templates.tsx, /src/index.css[22m
[2m4:34:12 PM[22m [36m[1m[vite][22m[39m [90m[2m(client)[22m[39m [32mhmr update [39m[2m/src/pages/workflow-templates.tsx, /src/index.css[22m
[2m5:47:25 PM[22m [36m[1m[vite][22m[39m [90m[2m(client)[22m[39m [32mhmr update [39m[2m/src/lib/auth.tsx, /src/pages/clients.tsx, /src/pages/accounting.tsx, /src/pages/services.tsx, /src/pages/leads.tsx, /src/pages/client-detail.tsx, /src/pages/dashboard.tsx, /src/pages/creative-detail.tsx, /src/pages/settings.tsx, /src/pages/client-portal.tsx, /src/pages/workflow-templates.tsx, /src/pages/project-detail.tsx, /src/pages/projects.tsx, /src/pages/photographers.tsx[22m
[2m5:47:51 PM[22m [36m[1m[vite][22m[39m [90m[2m(client)[22m[39m [32mhmr update [39m[2m/src/App.tsx, /src/index.css[22m
[2m5:47:51 PM[22m [36m[1m[vite][22m[39m [90m[2m(client)[22m[39m [32mhmr update [39m[2m/src/components/layout.tsx, /src/index.css[22m
[2m5:47:51 PM[22m [36m[1m[vite][22m[39m [90m[2m(client)[22m[39m [32mpage reload [39m[2mindex.html[22m
[2m5:47:51 PM[22m [36m[1m[vite][22m[39m [90m[2m(client)[22m[39m [32mhmr update [39m[2m/src/lib/auth.tsx, /src/index.css[22m
[2m5:47:51 PM[22m [36m[1m[vite][22m[39m [90m[2m(client)[22m[39m [32mhmr update [39m[2m/src/pages/accounting.tsx, /src/index.css[22m
[2m5:47:51 PM[22m [36m[1m[vite][22m[39m [90m[2m(client)[22m[39m [32mhmr update [39m[2m/src/index.css[22m
[2m5:47:51 PM[22m [36m[1m[vite][22m[39m [90m[2m(client)[22m[39m [32mpage reload [39m[2msrc/main.tsx[22m
[2m5:47:51 PM[22m [36m[1m[vite][22m[39m [90m[2m(client)[22m[39m [32mhmr update [39m[2m/src/index.css, /src/components/ui/badge.tsx[22m
[2m5:47:51 PM[22m [36m[1m[vite][22m[39m [90m[2m(client)[22m[39m [32mhmr update [39m[2m/src/index.css, /src/components/ui/button.tsx[22m
[2m5:47:51 PM[22m [36m[1m[vite][22m[39m [90m[2m(client)[22m[39m [32mhmr update [39m[2m/src/index.css, /src/components/ui/card.tsx[22m
[2m5:47:51 PM[22m [36m[1m[vite][22m[39m [90m[2m(client)[22m[39m [32mhmr update [39m[2m/src/index.css, /src/pages/photographers.tsx[22m
[2m5:47:51 PM[22m [36m[1m[vite][22m[39m [90m[2m(client)[22m[39m [32mhmr update [39m[2m/src/index.css, /src/components/ui/dialog.tsx[22m
[2m5:47:51 PM[22m [36m[1m[vite][22m[39m [90m[2m(client)[22m[39m [32mhmr update [39m[2m/src/index.css, /src/components/ui/dropdown-menu.tsx[22m
[2m5:47:51 PM[22m [36m[1m[vite][22m[39m [90m[2m(client)[22m[39m [32mhmr update [39m[2m/src/index.css, /src/components/ui/form.tsx[22m
[2m5:47:51 PM[22m [36m[1m[vite][22m[39m [90m[2m(client)[22m[39m [32mhmr update [39m[2m/src/index.css, /src/components/ui/input.tsx[22m
[2m5:47:51 PM[22m [36m[1m[vite][22m[39m [90m[2m(client)[22m[39m [32mhmr update [39m[2m/src/index.css, /src/components/ui/label.tsx[22m
[2m5:47:51 PM[22m [36m[1m[vite][22m[39m [90m[2m(client)[22m[39m [32mhmr update [39m[2m/src/index.css, /src/components/ui/progress.tsx[22m
[2m5:47:51 PM[22m [36m[1m[vite][22m[39m [90m[2m(client)[22m[39m [32mhmr update [39m[2m/src/index.css, /src/components/ui/select.tsx[22m
[2m5:47:51 PM[22m [36m[1m[vite][22m[39m [90m[2m(client)[22m[39m [32mhmr update [39m[2m/src/index.css, /src/components/ui/sheet.tsx[22m
[2m5:47:51 PM[22m [36m[1m[vite][22m[39m [90m[2m(client)[22m[39m [32mhmr update [39m[2m/src/index.css, /src/components/ui/switch.tsx[22m
[2m5:47:51 PM[22m [36m[1m[vite][22m[39m [90m[2m(client)[22m[39m [32mhmr update [39m[2m/src/index.css, /src/components/ui/tabs.tsx[22m
[2m5:47:51 PM[22m [36m[1m[vite][22m[39m [90m[2m(client)[22m[39m [32mhmr update [39m[2m/src/index.css, /src/components/ui/textarea.tsx[22m
[2m5:47:51 PM[22m [36m[1m[vite][22m[39m [90m[2m(client)[22m[39m [32mhmr update [39m[2m/src/index.css, /src/components/ui/toast.tsx[22m
[2m5:47:51 PM[22m [36m[1m[vite][22m[39m [90m[2m(client)[22m[39m [32mhmr update [39m[2m/src/components/ui/toaster.tsx, /src/index.css[22m
[2m5:47:51 PM[22m [36m[1m[vite][22m[39m [90m[2m(client)[22m[39m [32mhmr update [39m[2m/src/components/ui/tooltip.tsx, /src/index.css[22m
[2m5:47:51 PM[22m [36m[1m[vite][22m[39m [90m[2m(client)[22m[39m [32mhmr update [39m[2m/src/index.css, /src/pages/login.tsx, /src/pages/clients.tsx, /src/pages/accounting.tsx, /src/pages/services.tsx, /src/pages/leads.tsx, /src/pages/client-detail.tsx, /src/pages/creative-detail.tsx, /src/pages/settings.tsx, /src/pages/client-portal.tsx, /src/pages/workflow-templates.tsx, /src/components/ui/toaster.tsx, /src/pages/client-accounts.tsx, /src/pages/project-detail.tsx, /src/pages/projects.tsx, /src/pages/photographers.tsx[22m
[2m5:47:51 PM[22m [36m[1m[vite][22m[39m [90m[2m(client)[22m[39m [32mhmr update [39m[2m/src/lib/auth.tsx, /src/index.css[22m
[2m5:47:51 PM[22m [36m[1m[vite][22m[39m [90m[2m(client)[22m[39m [32mhmr update [39m[2m/src/index.css, /src/pages/accounting.tsx, /src/pages/dashboard.tsx, /src/pages/project-detail.tsx, /src/pages/projects.tsx[22m
[2m5:47:51 PM[22m [36m[1m[vite][22m[39m [90m[2m(client)[22m[39m [32mhmr update [39m[2m/src/lib/i18n.tsx, /src/index.css[22m
[2m5:47:51 PM[22m [36m[1m[vite][22m[39m [90m[2m(client)[22m[39m [32mhmr update [39m[2m/src/index.css, /src/components/ui/button.tsx, /src/components/ui/tooltip.tsx, /src/components/layout.tsx, /src/components/ui/input.tsx, /src/components/ui/form.tsx, /src/components/ui/card.tsx, /src/components/ui/dialog.tsx, /src/components/ui/textarea.tsx, /src/components/ui/badge.tsx, /src/components/ui/label.tsx, /src/components/ui/select.tsx, /src/components/ui/progress.tsx, /src/components/ui/tabs.tsx, /src/components/ui/dropdown-menu.tsx, /src/components/ui/switch.tsx, /src/components/ui/sheet.tsx, /src/components/ui/toast.tsx[22m
[2m5:47:51 PM[22m [36m[1m[vite][22m[39m [90m[2m(client)[22m[39m [32mhmr update [39m[2m/src/pages/accounting.tsx, /src/index.css[22m
[2m5:47:51 PM[22m [36m[1m[vite][22m[39m [90m[2m(client)[22m[39m [32mhmr update [39m[2m/src/pages/client-accounts.tsx, /src/index.css[22m
[2m5:47:51 PM[22m [36m[1m[vite][22m[39m [90m[2m(client)[22m[39m [32mhmr update [39m[2m/src/pages/client-detail.tsx, /src/index.css[22m
[2m5:47:51 PM[22m [36m[1m[vite][22m[39m [90m[2m(client)[22m[39m [32mhmr update [39m[2m/src/pages/client-portal.tsx, /src/index.css[22m
[2m5:47:51 PM[22m [36m[1m[vite][22m[39m [90m[2m(client)[22m[39m [32mhmr update [39m[2m/src/pages/clients.tsx, /src/index.css[22m
[2m5:47:51 PM[22m [36m[1m[vite][22m[39m [90m[2m(client)[22m[39m [32mhmr update [39m[2m/src/pages/creative-detail.tsx, /src/index.css[22m
[2m5:47:51 PM[22m [36m[1m[vite][22m[39m [90m[2m(client)[22m[39m [32mhmr update [39m[2m/src/pages/dashboard.tsx, /src/index.css[22m
[2m5:47:51 PM[22m [36m[1m[vite][22m[39m [90m[2m(client)[22m[39m [32mhmr update [39m[2m/src/pages/landing.tsx, /src/index.css[22m
[2m5:47:51 PM[22m [36m[1m[vite][22m[39m [90m[2m(client)[22m[39m [32mhmr update [39m[2m/src/pages/leads.tsx, /src/index.css[22m
[2m5:47:51 PM[22m [36m[1m[vite][22m[39m [90m[2m(client)[22m[39m [32mhmr update [39m[2m/src/pages/login.tsx, /src/index.css[22m
[2m5:47:51 PM[22m [36m[1m[vite][22m[39m [90m[2m(client)[22m[39m [32mhmr update [39m[2m/src/pages/not-found.tsx, /src/index.css[22m
[2m5:47:51 PM[22m [36m[1m[vite][22m[39m [90m[2m(client)[22m[39m [32mhmr update [39m[2m/src/pages/photographers.tsx, /src/index.css[22m
[2m5:47:51 PM[22m [36m[1m[vite][22m[39m [90m[2m(client)[22m[39m [32mhmr update [39m[2m/src/pages/project-detail.tsx, /src/index.css[22m
[2m5:47:51 PM[22m [36m[1m[vite][22m[39m [90m[2m(client)[22m[39m [32mhmr update [39m[2m/src/pages/projects.tsx, /src/index.css[22m
[2m5:47:51 PM[22m [36m[1m[vite][22m[39m [90m[2m(client)[22m[39m [32mhmr update [39m[2m/src/pages/services.tsx, /src/index.css[22m
[2m5:47:51 PM[22m [36m[1m[vite][22m[39m [90m[2m(client)[22m[39m [32mhmr update [39m[2m/src/pages/settings.tsx, /src/index.css[22m
[2m5:47:51 PM[22m [36m[1m[vite][22m[39m [90m[2m(client)[22m[39m [32mhmr update [39m[2m/src/pages/workflow-templates.tsx, /src/index.css[22m
[2m5:47:51 PM[22m [36m[1m[vite][22m[39m [32mvite.config.ts changed, restarting server...[39m
[2m5:47:52 PM[22m [36m[1m[vite][22m[39m changed tsconfig file detected: D:/Creative-Hub/artifacts/studio-crm/tsconfig.json - Clearing cache and forcing full-reload to ensure TypeScript is compiled with updated config values.
[2m5:47:52 PM[22m [36m[1m[vite][22m[39m [90m[2m(client)[22m[39m [32mhmr update [39m[2m/src/lib/auth.tsx, /src/pages/clients.tsx, /src/pages/accounting.tsx, /src/pages/services.tsx, /src/pages/leads.tsx, /src/pages/client-detail.tsx, /src/pages/dashboard.tsx, /src/pages/creative-detail.tsx, /src/pages/settings.tsx, /src/pages/client-portal.tsx, /src/pages/workflow-templates.tsx, /src/pages/project-detail.tsx, /src/pages/projects.tsx, /src/pages/photographers.tsx[22m
[2m5:47:52 PM[22m [36m[1m[vite][22m[39m [90m[2m(client)[22m[39m [32mhmr update [39m[2m/src/lib/auth.tsx, /src/pages/clients.tsx, /src/pages/accounting.tsx, /src/pages/services.tsx, /src/pages/leads.tsx, /src/pages/client-detail.tsx, /src/pages/dashboard.tsx, /src/pages/creative-detail.tsx, /src/pages/settings.tsx, /src/pages/client-portal.tsx, /src/pages/workflow-templates.tsx, /src/pages/project-detail.tsx, /src/pages/projects.tsx, /src/pages/photographers.tsx[22m
[2m5:47:52 PM[22m [36m[1m[vite][22m[39m changed tsconfig file detected: D:/Creative-Hub/lib/api-client-react/tsconfig.json - Clearing cache and forcing full-reload to ensure TypeScript is compiled with updated config values.
[2m5:47:52 PM[22m [36m[1m[vite][22m[39m [90m[2m(client)[22m[39m [32mhmr update [39m[2m/src/lib/auth.tsx, /src/pages/clients.tsx, /src/pages/accounting.tsx, /src/pages/services.tsx, /src/pages/leads.tsx, /src/pages/client-detail.tsx, /src/pages/dashboard.tsx, /src/pages/creative-detail.tsx, /src/pages/settings.tsx, /src/pages/client-portal.tsx, /src/pages/workflow-templates.tsx, /src/pages/project-detail.tsx, /src/pages/projects.tsx, /src/pages/photographers.tsx[22m
[2m5:47:52 PM[22m [36m[1m[vite][22m[39m [90m[2m(client)[22m[39m [32mhmr update [39m[2m/src/lib/auth.tsx, /src/pages/clients.tsx, /src/pages/accounting.tsx, /src/pages/services.tsx, /src/pages/leads.tsx, /src/pages/client-detail.tsx, /src/pages/dashboard.tsx, /src/pages/creative-detail.tsx, /src/pages/settings.tsx, /src/pages/client-portal.tsx, /src/pages/workflow-templates.tsx, /src/pages/project-detail.tsx, /src/pages/projects.tsx, /src/pages/photographers.tsx[22m
[2m5:47:53 PM[22m [36m[1m[vite][22m[39m server restarted.
[2m5:48:25 PM[22m [36m[1m[vite][22m[39m [90m[2m(client)[22m[39m [32mpage reload [39m[2mindex.html[22m
[2m5:48:25 PM[22m [36m[1m[vite][22m[39m [32mvite.config.ts changed, restarting server...[39m
[2m5:48:25 PM[22m [36m[1m[vite][22m[39m changed tsconfig file detected: D:/Creative-Hub/artifacts/studio-crm/tsconfig.json - Clearing cache and forcing full-reload to ensure TypeScript is compiled with updated config values.
[2m5:48:25 PM[22m [36m[1m[vite][22m[39m server restarted.
[2m5:48:30 PM[22m [36m[1m[vite][22m[39m [90m[2m(client)[22m[39m [32mpage reload [39m[2mindex.html[22m
[2m5:48:30 PM[22m [36m[1m[vite][22m[39m [32mvite.config.ts changed, restarting server...[39m
[2m5:48:30 PM[22m [36m[1m[vite][22m[39m changed tsconfig file detected: D:/Creative-Hub/artifacts/studio-crm/tsconfig.json - Clearing cache and forcing full-reload to ensure TypeScript is compiled with updated config values.
[2m5:48:30 PM[22m [36m[1m[vite][22m[39m server restarted.
[2m5:48:47 PM[22m [36m[1m[vite][22m[39m [90m[2m(client)[22m[39m [32mpage reload [39m[2mindex.html[22m
[2m5:48:48 PM[22m [36m[1m[vite][22m[39m changed tsconfig file detected: D:/Creative-Hub/artifacts/studio-crm/tsconfig.json - Clearing cache and forcing full-reload to ensure TypeScript is compiled with updated config values.
[2m5:48:48 PM[22m [36m[1m[vite][22m[39m [32mvite.config.ts changed, restarting server...[39m
[2m5:48:48 PM[22m [36m[1m[vite][22m[39m server restarted.
 ELIFECYCLE  Command failed with exit code 4294967295.
